
DataX (DATAX-OPENSOURCE-3.0), From Alibaba !
Copyright (C) 2010-2017, Alibaba Group. All Rights Reserved.


2019-11-19 11:58:48.160 [main] INFO  VMInfo - VMInfo# operatingSystem class => sun.management.OperatingSystemImpl
2019-11-19 11:58:48.167 [main] INFO  Engine - the machine info  => 

	osInfo:	Oracle Corporation 1.8 25.161-b14
	jvmInfo:	Linux amd64 3.10.0-862.el7.x86_64
	cpu num:	16

	totalPhysicalMemory:	-0.00G
	freePhysicalMemory:	-0.00G
	maxFileDescriptorCount:	-1
	currentOpenFileDescriptorCount:	-1

	GC Names	[PS MarkSweep, PS Scavenge]

	MEMORY_NAME                    | allocation_size                | init_size                      
	PS Eden Space                  | 256.00MB                       | 256.00MB                       
	Code Cache                     | 240.00MB                       | 2.44MB                         
	Compressed Class Space         | 1,024.00MB                     | 0.00MB                         
	PS Survivor Space              | 42.50MB                        | 42.50MB                        
	PS Old Gen                     | 683.00MB                       | 683.00MB                       
	Metaspace                      | -0.00MB                        | 0.00MB                         


2019-11-19 11:58:48.189 [main] INFO  Engine - 
{
	"content":[
		{
			"reader":{
				"name":"mysqlreader",
				"parameter":{
					"column":[
						"REPLACE(REPLACE(cdbh, CHAR(10), '\\u200b'), CHAR(13),'\\u200c')",
						"REPLACE(REPLACE(cdfx, CHAR(10), '\\u200b'), CHAR(13),'\\u200c')",
						"REPLACE(REPLACE(dt, CHAR(10), '\\u200b'), CHAR(13),'\\u200c')",
						"REPLACE(REPLACE(dwd_loadtime, CHAR(10), '\\u200b'), CHAR(13),'\\u200c')",
						"REPLACE(REPLACE(dwd_updatetime, CHAR(10), '\\u200b'), CHAR(13),'\\u200c')",
						"REPLACE(REPLACE(dwd_yxbz, CHAR(10), '\\u200b'), CHAR(13),'\\u200c')",
						"REPLACE(REPLACE(hphm, CHAR(10), '\\u200b'), CHAR(13),'\\u200c')",
						"REPLACE(REPLACE(hpzl, CHAR(10), '\\u200b'), CHAR(13),'\\u200c')",
						"REPLACE(REPLACE(jgsj, CHAR(10), '\\u200b'), CHAR(13),'\\u200c')",
						"REPLACE(REPLACE(jhpt_delete, CHAR(10), '\\u200b'), CHAR(13),'\\u200c')",
						"REPLACE(REPLACE(jhpt_update_time, CHAR(10), '\\u200b'), CHAR(13),'\\u200c')",
						"REPLACE(REPLACE(jlbh, CHAR(10), '\\u200b'), CHAR(13),'\\u200c')",
						"REPLACE(REPLACE(kkbh, CHAR(10), '\\u200b'), CHAR(13),'\\u200c')",
						"REPLACE(REPLACE(qjtp, CHAR(10), '\\u200b'), CHAR(13),'\\u200c')",
						"REPLACE(REPLACE(rksj, CHAR(10), '\\u200b'), CHAR(13),'\\u200c')",
						"REPLACE(REPLACE(sbbh, CHAR(10), '\\u200b'), CHAR(13),'\\u200c')",
						"REPLACE(REPLACE(sjcz, CHAR(10), '\\u200b'), CHAR(13),'\\u200c')",
						"REPLACE(REPLACE(sjly, CHAR(10), '\\u200b'), CHAR(13),'\\u200c')",
						"REPLACE(REPLACE(tplx, CHAR(10), '\\u200b'), CHAR(13),'\\u200c')",
						"REPLACE(REPLACE(tztp, CHAR(10), '\\u200b'), CHAR(13),'\\u200c')",
						"REPLACE(REPLACE(xszt, CHAR(10), '\\u200b'), CHAR(13),'\\u200c')",
						"REPLACE(REPLACE(xzqh, CHAR(10), '\\u200b'), CHAR(13),'\\u200c')",
						"REPLACE(REPLACE(yzsj, CHAR(10), '\\u200b'), CHAR(13),'\\u200c')"
					],
					"connection":[
						{
							"jdbcUrl":[
								"jdbc:mysql://172.27.148.98:3306/detuo_base"
							],
							"table":[
								"detuo_base.base_sjkk_gcjl_ecjgh_df"
							]
						}
					],
					"fetchSize":2048,
					"password":"*********",
					"splitPk":"",
					"username":"detuo",
					"where":"JHPT_UPDATE_TIME >= DATE_SUB(STR_TO_DATE(20191119,'%Y%m%d'),INTERVAL 2 DAY) and JHPT_UPDATE_TIME <  DATE_SUB(STR_TO_DATE(20191119,'%Y%m%d'),INTERVAL 1 DAY)"
				}
			},
			"writer":{
				"name":"txtfilewriter",
				"parameter":{
					"dateFormat":"yyyy-MM-dd HH:mm:ss",
					"encoding":"utf8",
					"fieldDelimiter":"\u0001",
					"fileName":"detuo_base_base_sjkk_gcjl_ecjgh_df",
					"path":"/opt/datatom/dana_api/data/gonganju/detuo_base_base_sjkk_gcjl_ecjgh_df",
					"writeMode":"truncate"
				}
			}
		}
	],
	"setting":{
		"errorLimit":{},
		"speed":{
			"channel":2
		}
	}
}

2019-11-19 11:58:48.206 [main] WARN  Engine - prioriy set to 0, because NumberFormatException, the value is: null
2019-11-19 11:58:48.208 [main] INFO  PerfTrace - PerfTrace traceId=job_-1, isEnable=false, priority=0
2019-11-19 11:58:48.208 [main] INFO  JobContainer - DataX jobContainer starts job.
2019-11-19 11:58:48.210 [main] INFO  JobContainer - Set jobId = 0
2019-11-19 11:58:48.218 [job-0] WARN  MysqlReader$Job - 对 mysqlreader 不需要配置 fetchSize, mysqlreader 将会忽略这项配置. 如果您不想再看到此警告,请去除fetchSize 配置.
2019-11-19 11:58:48.527 [job-0] INFO  OriginalConfPretreatmentUtil - Available jdbcUrl:jdbc:mysql://172.27.148.98:3306/detuo_base?yearIsDateType=false&zeroDateTimeBehavior=convertToNull&tinyInt1isBit=false&rewriteBatchedStatements=true.
2019-11-19 11:58:48.541 [job-0] INFO  OriginalConfPretreatmentUtil - table:[detuo_base.base_sjkk_gcjl_ecjgh_df] has columns:[jlbh,xzqh,kkbh,cdbh,hphm,hpzl,jgsj,sbbh,cdfx,xszt,tplx,tztp,qjtp,rksj,yzsj,sjcz,sjly,dwd_loadtime,dwd_updatetime,dwd_yxbz,dt,jhpt_update_time,jhpt_delete].
2019-11-19 11:58:48.589 [job-0] INFO  JobContainer - jobContainer starts to do prepare ...
2019-11-19 11:58:48.589 [job-0] INFO  JobContainer - DataX Reader.Job [mysqlreader] do prepare work .
2019-11-19 11:58:48.589 [job-0] INFO  JobContainer - DataX Writer.Job [txtfilewriter] do prepare work .
2019-11-19 11:58:48.590 [job-0] INFO  TxtFileWriter$Job - 由于您配置了writeMode truncate, 开始清理 [/opt/datatom/dana_api/data/gonganju/detuo_base_base_sjkk_gcjl_ecjgh_df] 下面以 [detuo_base_base_sjkk_gcjl_ecjgh_df] 开头的内容
2019-11-19 11:58:48.592 [job-0] INFO  TxtFileWriter$Job - delete file [detuo_base_base_sjkk_gcjl_ecjgh_df__5b09c6fa_2755_440d_b7bc_27a7cdf7a478].
2019-11-19 11:58:48.599 [job-0] INFO  TxtFileWriter$Job - delete file [detuo_base_base_sjkk_gcjl_ecjgh_df_split].
2019-11-19 11:58:48.606 [job-0] INFO  JobContainer - jobContainer starts to do split ...
2019-11-19 11:58:48.606 [job-0] INFO  JobContainer - Job set Channel-Number to 2 channels.
2019-11-19 11:58:48.611 [job-0] INFO  JobContainer - DataX Reader.Job [mysqlreader] splits to [1] tasks.
2019-11-19 11:58:48.611 [job-0] INFO  TxtFileWriter$Job - begin do split...
2019-11-19 11:58:48.626 [job-0] INFO  TxtFileWriter$Job - splited write file name:[detuo_base_base_sjkk_gcjl_ecjgh_df__5fe4879d_d35a_4c91_b34c_d30ad1cc4663]
2019-11-19 11:58:48.626 [job-0] INFO  TxtFileWriter$Job - end do split.
2019-11-19 11:58:48.626 [job-0] INFO  JobContainer - DataX Writer.Job [txtfilewriter] splits to [1] tasks.
2019-11-19 11:58:48.647 [job-0] INFO  JobContainer - jobContainer starts to do schedule ...
2019-11-19 11:58:48.652 [job-0] INFO  JobContainer - Scheduler starts [1] taskGroups.
2019-11-19 11:58:48.655 [job-0] INFO  JobContainer - Running by standalone Mode.
2019-11-19 11:58:48.664 [taskGroup-0] INFO  TaskGroupContainer - taskGroupId=[0] start [1] channels for [1] tasks.
2019-11-19 11:58:48.668 [taskGroup-0] INFO  Channel - Channel set byte_speed_limit to -1, No bps activated.
2019-11-19 11:58:48.669 [taskGroup-0] INFO  Channel - Channel set record_speed_limit to -1, No tps activated.
2019-11-19 11:58:48.678 [taskGroup-0] INFO  TaskGroupContainer - taskGroup[0] taskId[0] attemptCount[1] is started
2019-11-19 11:58:48.679 [0-0-0-writer] INFO  TxtFileWriter$Task - begin do write...
2019-11-19 11:58:48.679 [0-0-0-writer] INFO  TxtFileWriter$Task - write to file : [/opt/datatom/dana_api/data/gonganju/detuo_base_base_sjkk_gcjl_ecjgh_df/detuo_base_base_sjkk_gcjl_ecjgh_df__5fe4879d_d35a_4c91_b34c_d30ad1cc4663]
2019-11-19 11:58:48.682 [0-0-0-reader] INFO  CommonRdbmsReader$Task - Begin to read record by Sql: [select REPLACE(REPLACE(cdbh, CHAR(10), '\u200b'), CHAR(13),'\u200c'),REPLACE(REPLACE(cdfx, CHAR(10), '\u200b'), CHAR(13),'\u200c'),REPLACE(REPLACE(dt, CHAR(10), '\u200b'), CHAR(13),'\u200c'),REPLACE(REPLACE(dwd_loadtime, CHAR(10), '\u200b'), CHAR(13),'\u200c'),REPLACE(REPLACE(dwd_updatetime, CHAR(10), '\u200b'), CHAR(13),'\u200c'),REPLACE(REPLACE(dwd_yxbz, CHAR(10), '\u200b'), CHAR(13),'\u200c'),REPLACE(REPLACE(hphm, CHAR(10), '\u200b'), CHAR(13),'\u200c'),REPLACE(REPLACE(hpzl, CHAR(10), '\u200b'), CHAR(13),'\u200c'),REPLACE(REPLACE(jgsj, CHAR(10), '\u200b'), CHAR(13),'\u200c'),REPLACE(REPLACE(jhpt_delete, CHAR(10), '\u200b'), CHAR(13),'\u200c'),REPLACE(REPLACE(jhpt_update_time, CHAR(10), '\u200b'), CHAR(13),'\u200c'),REPLACE(REPLACE(jlbh, CHAR(10), '\u200b'), CHAR(13),'\u200c'),REPLACE(REPLACE(kkbh, CHAR(10), '\u200b'), CHAR(13),'\u200c'),REPLACE(REPLACE(qjtp, CHAR(10), '\u200b'), CHAR(13),'\u200c'),REPLACE(REPLACE(rksj, CHAR(10), '\u200b'), CHAR(13),'\u200c'),REPLACE(REPLACE(sbbh, CHAR(10), '\u200b'), CHAR(13),'\u200c'),REPLACE(REPLACE(sjcz, CHAR(10), '\u200b'), CHAR(13),'\u200c'),REPLACE(REPLACE(sjly, CHAR(10), '\u200b'), CHAR(13),'\u200c'),REPLACE(REPLACE(tplx, CHAR(10), '\u200b'), CHAR(13),'\u200c'),REPLACE(REPLACE(tztp, CHAR(10), '\u200b'), CHAR(13),'\u200c'),REPLACE(REPLACE(xszt, CHAR(10), '\u200b'), CHAR(13),'\u200c'),REPLACE(REPLACE(xzqh, CHAR(10), '\u200b'), CHAR(13),'\u200c'),REPLACE(REPLACE(yzsj, CHAR(10), '\u200b'), CHAR(13),'\u200c') from detuo_base.base_sjkk_gcjl_ecjgh_df where (JHPT_UPDATE_TIME >= DATE_SUB(STR_TO_DATE(20191119,'%Y%m%d'),INTERVAL 2 DAY) and JHPT_UPDATE_TIME <  DATE_SUB(STR_TO_DATE(20191119,'%Y%m%d'),INTERVAL 1 DAY))
] jdbcUrl:[jdbc:mysql://172.27.148.98:3306/detuo_base?yearIsDateType=false&zeroDateTimeBehavior=convertToNull&tinyInt1isBit=false&rewriteBatchedStatements=true].
2019-11-19 11:58:49.907 [0-0-0-reader] INFO  CommonRdbmsReader$Task - Finished read record by Sql: [select REPLACE(REPLACE(cdbh, CHAR(10), '\u200b'), CHAR(13),'\u200c'),REPLACE(REPLACE(cdfx, CHAR(10), '\u200b'), CHAR(13),'\u200c'),REPLACE(REPLACE(dt, CHAR(10), '\u200b'), CHAR(13),'\u200c'),REPLACE(REPLACE(dwd_loadtime, CHAR(10), '\u200b'), CHAR(13),'\u200c'),REPLACE(REPLACE(dwd_updatetime, CHAR(10), '\u200b'), CHAR(13),'\u200c'),REPLACE(REPLACE(dwd_yxbz, CHAR(10), '\u200b'), CHAR(13),'\u200c'),REPLACE(REPLACE(hphm, CHAR(10), '\u200b'), CHAR(13),'\u200c'),REPLACE(REPLACE(hpzl, CHAR(10), '\u200b'), CHAR(13),'\u200c'),REPLACE(REPLACE(jgsj, CHAR(10), '\u200b'), CHAR(13),'\u200c'),REPLACE(REPLACE(jhpt_delete, CHAR(10), '\u200b'), CHAR(13),'\u200c'),REPLACE(REPLACE(jhpt_update_time, CHAR(10), '\u200b'), CHAR(13),'\u200c'),REPLACE(REPLACE(jlbh, CHAR(10), '\u200b'), CHAR(13),'\u200c'),REPLACE(REPLACE(kkbh, CHAR(10), '\u200b'), CHAR(13),'\u200c'),REPLACE(REPLACE(qjtp, CHAR(10), '\u200b'), CHAR(13),'\u200c'),REPLACE(REPLACE(rksj, CHAR(10), '\u200b'), CHAR(13),'\u200c'),REPLACE(REPLACE(sbbh, CHAR(10), '\u200b'), CHAR(13),'\u200c'),REPLACE(REPLACE(sjcz, CHAR(10), '\u200b'), CHAR(13),'\u200c'),REPLACE(REPLACE(sjly, CHAR(10), '\u200b'), CHAR(13),'\u200c'),REPLACE(REPLACE(tplx, CHAR(10), '\u200b'), CHAR(13),'\u200c'),REPLACE(REPLACE(tztp, CHAR(10), '\u200b'), CHAR(13),'\u200c'),REPLACE(REPLACE(xszt, CHAR(10), '\u200b'), CHAR(13),'\u200c'),REPLACE(REPLACE(xzqh, CHAR(10), '\u200b'), CHAR(13),'\u200c'),REPLACE(REPLACE(yzsj, CHAR(10), '\u200b'), CHAR(13),'\u200c') from detuo_base.base_sjkk_gcjl_ecjgh_df where (JHPT_UPDATE_TIME >= DATE_SUB(STR_TO_DATE(20191119,'%Y%m%d'),INTERVAL 2 DAY) and JHPT_UPDATE_TIME <  DATE_SUB(STR_TO_DATE(20191119,'%Y%m%d'),INTERVAL 1 DAY))
] jdbcUrl:[jdbc:mysql://172.27.148.98:3306/detuo_base?yearIsDateType=false&zeroDateTimeBehavior=convertToNull&tinyInt1isBit=false&rewriteBatchedStatements=true].
2019-11-19 11:58:49.909 [0-0-0-writer] INFO  TxtFileWriter$Task - end do write
2019-11-19 11:58:49.980 [taskGroup-0] INFO  TaskGroupContainer - taskGroup[0] taskId[0] is successed, used[1303]ms
2019-11-19 11:58:49.981 [taskGroup-0] INFO  TaskGroupContainer - taskGroup[0] completed it's tasks.
2019-11-19 11:58:58.674 [job-0] INFO  StandAloneJobContainerCommunicator - Total 100000 records, 26492663 bytes | Speed 2.53MB/s, 10000 records/s | Error 0 records, 0 bytes |  All Task WaitWriterTime 0.015s |  All Task WaitReaderTime 0.543s | Percentage 100.00%
2019-11-19 11:58:58.675 [job-0] INFO  AbstractScheduler - Scheduler accomplished all tasks.
2019-11-19 11:58:58.675 [job-0] INFO  JobContainer - DataX Writer.Job [txtfilewriter] do post work.
2019-11-19 11:58:58.675 [job-0] INFO  JobContainer - DataX Reader.Job [mysqlreader] do post work.
2019-11-19 11:58:58.676 [job-0] INFO  JobContainer - DataX jobId [0] completed successfully.
2019-11-19 11:58:58.676 [job-0] INFO  HookInvoker - No hook invoked, because base dir not exists or is a file: /opt/datatom/datax/hook
2019-11-19 11:58:58.678 [job-0] INFO  JobContainer - 
	 [total cpu info] => 
		averageCpu                     | maxDeltaCpu                    | minDeltaCpu                    
		-1.00%                         | -1.00%                         | -1.00%
                        

	 [total gc info] => 
		 NAME                 | totalGCCount       | maxDeltaGCCount    | minDeltaGCCount    | totalGCTime        | maxDeltaGCTime     | minDeltaGCTime     
		 PS MarkSweep         | 0                  | 0                  | 0                  | 0.000s             | 0.000s             | 0.000s             
		 PS Scavenge          | 4                  | 4                  | 4                  | 0.025s             | 0.025s             | 0.025s             

2019-11-19 11:58:58.678 [job-0] INFO  JobContainer - PerfTrace not enable!
2019-11-19 11:58:58.678 [job-0] INFO  StandAloneJobContainerCommunicator - Total 100000 records, 26492663 bytes | Speed 2.53MB/s, 10000 records/s | Error 0 records, 0 bytes |  All Task WaitWriterTime 0.015s |  All Task WaitReaderTime 0.543s | Percentage 100.00%
2019-11-19 11:58:58.679 [job-0] INFO  JobContainer - 
任务启动时刻                    : 2019-11-19 11:58:48
任务结束时刻                    : 2019-11-19 11:58:58
任务总计耗时                    :                 10s
任务平均流量                    :            2.53MB/s
记录写入速度                    :          10000rec/s
读出记录总数                    :              100000
读写失败总数                    :                   0

