2019-11-21 14:09:42,941 - db - INFO - The database has been successfully connected
2019-11-21 14:09:42,941 - db - INFO - select token from token_info where user='datatom'
2019-11-21 14:09:42,970 - db - INFO - update  detuo_base.token_info set token='Bearer eyJhbGciOiJSUzI1NiIsInR5cCI6IkpXVCJ9.eyJleHAiOjE1NzQ5MjEzODIsImlhdCI6MTU3NDMxNjU4MiwiaXNzIjoiZGFuYXN0dWRpb19hdXRoX3NlcnZlciIsIm1vZHVsZXMiOlsiYWNjZXNzIiwibWluZGluZyIsIndvcmtmbG93IiwidmF1bHQiLCJtbGliIl0sInJvbGVfaWQiOiJkZXZlbG9wZXIiLCJyb2xlX25hbWUiOiLlvIDlj5HogIUiLCJ0a3ZlcnNpb24iOjAsInVzZXJfaWQiOiJBVzM3cG9oVGs3RDB2SUxFYlk4eiIsInVzZXJfbmFtZSI6ImRhdGF0b20ifQ.lr1zFd_CJm5JII616xKDmrHTrxLObUZhUMrQOnEBfMS0aGtJgb7sfMMhdrohIvJEwMzDljGJJZmZqei5k0AenQ8yaFZZfe-T61d5sNB2EWVZhgN0kEkphjro1bQl82mpgTJ9up8MFRleeuxkeqjVXEm2y3Ros0Zeci3EiW4MrRl5-LCU6AyLbY7SFFFab6CAfZCGQcH8L01d8Tn-JSbRMhlRZVboDzCuNKTRir_7BFfoPePAW46b6C46-9tdAZV3SfTc6ZXdXA1eaGkAlh4DxZiRV0K8z5UGZdN_Hx-7JfuXhVfwT9eGnxA0lvk8r_7kDG0o1Cvdbb1HSGsbzNf_NoFJQ-hfiSwgS4_IuWcggS29jD2IGt4IYXir0HZy69iVABtIU1gmpx77yGWvjqt4si1nQqovd6BZY1p4UBf3dpj-fxtK3kfeOimEyBXVOurTt2bFpkx8GPipLSjOvDPYiTD3nNAY6cOx1FqLwMU36sXIFumLCzwS_ZXxmtAOn8q1rOaEbOuPt2VsXJQenOS7sVkT0bg8Fpz2HlyBGxDRJahytYGAoXKRJ8Bo9Ll0cln8y2-jf7JQNlKpIVbDolwlnpVf3STXREAChXqaZtv2SItv2IyjjSk5k9U5kJjVUWBGmdrqeXdwwbEJYqvMF5Ti6pCp8FTSloRfAMZdghFMLiw' where 1='1'
<_mysql.connection open to '172.27.148.98' at 30c2660>
((u'Bearer eyJhbGciOiJSUzI1NiIsInR5cCI6IkpXVCJ9.eyJleHAiOjE1NzQ5MjEzNDEsImlhdCI6MTU3NDMxNjU0MSwiaXNzIjoiZGFuYXN0dWRpb19hdXRoX3NlcnZlciIsIm1vZHVsZXMiOlsiYWNjZXNzIiwibWluZGluZyIsIndvcmtmbG93IiwidmF1bHQiLCJtbGliIl0sInJvbGVfaWQiOiJkZXZlbG9wZXIiLCJyb2xlX25hbWUiOiLlvIDlj5HogIUiLCJ0a3ZlcnNpb24iOjAsInVzZXJfaWQiOiJBVzM3cG9oVGs3RDB2SUxFYlk4eiIsInVzZXJfbmFtZSI6ImRhdGF0b20ifQ.t7nbgkF-05u3xu9spjQu-7Z4S2Glhf-1yllflJ9eDmxWAR-ut-jm4qQ7SWox0MGn8T8N8Moe7rX1F5Dzh-xaAlPt5axA-Txo2MSVp7xzwNWEvSphoOLkL4DI83wC_5ZNvkP7dwsWWjTysXDxO5UlUSBq9uSSYmODR4Lfj1iopC63pbiCMY41QYvdKG5wY_57WrGjg81kyG-UfS4HIqYr4zaSEG1j7Wi-t9LKA692d2lHcNvlx5f0FLaq1Xb29YqgqiwwDi6Ha7jA6NgVjwtnI1ULAYtq_bGO2N1E2JhkOzAp11QembDq_V0BFSu4vrEah5T6NhPSLz08GBhmfv3t0FukPivoz0ZwOjRS8nYk-6AGyFnADzF9jn2Bvu7Jjxdng3xIdapq2x7Pywz2CeR7VqqsBQvmTZ6uguiAa3MnEjHEfvpt_wLxg9Smu_40zPpasU1T-9mn2IA6mFnd1YW-GuCVOHJON686wYIxWFrzKK93RngwuskjQ7lv3ewnEqpYR0pYzpFnMOcEYFsD4RSy-xuK9MmpSagtMthvSeAnr13XDg7DFxKcbfw3JXe6N0gY3UGOyETrH9jqLkIOLf8YagEXlAR9SFiICO9RBWXufN9Sca0VFZd5pdg9L3ADmSnCdUE6BDlPm09XDLy9zJ6FU8DXTRrLsZHegvpsTzFgRvE',),)
select token from token_info where user='datatom'
('this is user token', u'Bearer eyJhbGciOiJSUzI1NiIsInR5cCI6IkpXVCJ9.eyJleHAiOjE1NzQ5MjEzNDEsImlhdCI6MTU3NDMxNjU0MSwiaXNzIjoiZGFuYXN0dWRpb19hdXRoX3NlcnZlciIsIm1vZHVsZXMiOlsiYWNjZXNzIiwibWluZGluZyIsIndvcmtmbG93IiwidmF1bHQiLCJtbGliIl0sInJvbGVfaWQiOiJkZXZlbG9wZXIiLCJyb2xlX25hbWUiOiLlvIDlj5HogIUiLCJ0a3ZlcnNpb24iOjAsInVzZXJfaWQiOiJBVzM3cG9oVGs3RDB2SUxFYlk4eiIsInVzZXJfbmFtZSI6ImRhdGF0b20ifQ.t7nbgkF-05u3xu9spjQu-7Z4S2Glhf-1yllflJ9eDmxWAR-ut-jm4qQ7SWox0MGn8T8N8Moe7rX1F5Dzh-xaAlPt5axA-Txo2MSVp7xzwNWEvSphoOLkL4DI83wC_5ZNvkP7dwsWWjTysXDxO5UlUSBq9uSSYmODR4Lfj1iopC63pbiCMY41QYvdKG5wY_57WrGjg81kyG-UfS4HIqYr4zaSEG1j7Wi-t9LKA692d2lHcNvlx5f0FLaq1Xb29YqgqiwwDi6Ha7jA6NgVjwtnI1ULAYtq_bGO2N1E2JhkOzAp11QembDq_V0BFSu4vrEah5T6NhPSLz08GBhmfv3t0FukPivoz0ZwOjRS8nYk-6AGyFnADzF9jn2Bvu7Jjxdng3xIdapq2x7Pywz2CeR7VqqsBQvmTZ6uguiAa3MnEjHEfvpt_wLxg9Smu_40zPpasU1T-9mn2IA6mFnd1YW-GuCVOHJON686wYIxWFrzKK93RngwuskjQ7lv3ewnEqpYR0pYzpFnMOcEYFsD4RSy-xuK9MmpSagtMthvSeAnr13XDg7DFxKcbfw3JXe6N0gY3UGOyETrH9jqLkIOLf8YagEXlAR9SFiICO9RBWXufN9Sca0VFZd5pdg9L3ADmSnCdUE6BDlPm09XDLy9zJ6FU8DXTRrLsZHegvpsTzFgRvE')
('this is user token length', 1)
Bearer eyJhbGciOiJSUzI1NiIsInR5cCI6IkpXVCJ9.eyJleHAiOjE1NzQ5MjEzODIsImlhdCI6MTU3NDMxNjU4MiwiaXNzIjoiZGFuYXN0dWRpb19hdXRoX3NlcnZlciIsIm1vZHVsZXMiOlsiYWNjZXNzIiwibWluZGluZyIsIndvcmtmbG93IiwidmF1bHQiLCJtbGliIl0sInJvbGVfaWQiOiJkZXZlbG9wZXIiLCJyb2xlX25hbWUiOiLlvIDlj5HogIUiLCJ0a3ZlcnNpb24iOjAsInVzZXJfaWQiOiJBVzM3cG9oVGs3RDB2SUxFYlk4eiIsInVzZXJfbmFtZSI6ImRhdGF0b20ifQ.lr1zFd_CJm5JII616xKDmrHTrxLObUZhUMrQOnEBfMS0aGtJgb7sfMMhdrohIvJEwMzDljGJJZmZqei5k0AenQ8yaFZZfe-T61d5sNB2EWVZhgN0kEkphjro1bQl82mpgTJ9up8MFRleeuxkeqjVXEm2y3Ros0Zeci3EiW4MrRl5-LCU6AyLbY7SFFFab6CAfZCGQcH8L01d8Tn-JSbRMhlRZVboDzCuNKTRir_7BFfoPePAW46b6C46-9tdAZV3SfTc6ZXdXA1eaGkAlh4DxZiRV0K8z5UGZdN_Hx-7JfuXhVfwT9eGnxA0lvk8r_7kDG0o1Cvdbb1HSGsbzNf_NoFJQ-hfiSwgS4_IuWcggS29jD2IGt4IYXir0HZy69iVABtIU1gmpx77yGWvjqt4si1nQqovd6BZY1p4UBf3dpj-fxtK3kfeOimEyBXVOurTt2bFpkx8GPipLSjOvDPYiTD3nNAY6cOx1FqLwMU36sXIFumLCzwS_ZXxmtAOn8q1rOaEbOuPt2VsXJQenOS7sVkT0bg8Fpz2HlyBGxDRJahytYGAoXKRJ8Bo9Ll0cln8y2-jf7JQNlKpIVbDolwlnpVf3STXREAChXqaZtv2SItv2IyjjSk5k9U5kJjVUWBGmdrqeXdwwbEJYqvMF5Ti6pCp8FTSloRfAMZdghFMLiw
Bearer eyJhbGciOiJSUzI1NiIsInR5cCI6IkpXVCJ9.eyJleHAiOjE1NzQ5MjEzODIsImlhdCI6MTU3NDMxNjU4MiwiaXNzIjoiZGFuYXN0dWRpb19hdXRoX3NlcnZlciIsIm1vZHVsZXMiOlsiYWNjZXNzIiwibWluZGluZyIsIndvcmtmbG93IiwidmF1bHQiLCJtbGliIl0sInJvbGVfaWQiOiJkZXZlbG9wZXIiLCJyb2xlX25hbWUiOiLlvIDlj5HogIUiLCJ0a3ZlcnNpb24iOjAsInVzZXJfaWQiOiJBVzM3cG9oVGs3RDB2SUxFYlk4eiIsInVzZXJfbmFtZSI6ImRhdGF0b20ifQ.lr1zFd_CJm5JII616xKDmrHTrxLObUZhUMrQOnEBfMS0aGtJgb7sfMMhdrohIvJEwMzDljGJJZmZqei5k0AenQ8yaFZZfe-T61d5sNB2EWVZhgN0kEkphjro1bQl82mpgTJ9up8MFRleeuxkeqjVXEm2y3Ros0Zeci3EiW4MrRl5-LCU6AyLbY7SFFFab6CAfZCGQcH8L01d8Tn-JSbRMhlRZVboDzCuNKTRir_7BFfoPePAW46b6C46-9tdAZV3SfTc6ZXdXA1eaGkAlh4DxZiRV0K8z5UGZdN_Hx-7JfuXhVfwT9eGnxA0lvk8r_7kDG0o1Cvdbb1HSGsbzNf_NoFJQ-hfiSwgS4_IuWcggS29jD2IGt4IYXir0HZy69iVABtIU1gmpx77yGWvjqt4si1nQqovd6BZY1p4UBf3dpj-fxtK3kfeOimEyBXVOurTt2bFpkx8GPipLSjOvDPYiTD3nNAY6cOx1FqLwMU36sXIFumLCzwS_ZXxmtAOn8q1rOaEbOuPt2VsXJQenOS7sVkT0bg8Fpz2HlyBGxDRJahytYGAoXKRJ8Bo9Ll0cln8y2-jf7JQNlKpIVbDolwlnpVf3STXREAChXqaZtv2SItv2IyjjSk5k9U5kJjVUWBGmdrqeXdwwbEJYqvMF5Ti6pCp8FTSloRfAMZdghFMLiw
Traceback (most recent call last):
  File "api_ftp_20191115.py", line 196, in <module>
    application.listen(12308)
  File "/usr/local/lib/python2.7/site-packages/tornado/web.py", line 2042, in listen
    server.listen(port, address)
  File "/usr/local/lib/python2.7/site-packages/tornado/tcpserver.py", line 143, in listen
    sockets = bind_sockets(port, address=address)
  File "/usr/local/lib/python2.7/site-packages/tornado/netutil.py", line 168, in bind_sockets
    sock.bind(sockaddr)
  File "/usr/local/lib/python2.7/socket.py", line 228, in meth
    return getattr(self._sock,name)(*args)
socket.error: [Errno 98] Address already in use
2019-11-21 14:09:42,982 - db - INFO - The database has been closed
2019-11-21 14:10:20,711 - db - INFO - The database has been successfully connected
2019-11-21 14:10:20,712 - db - INFO - select token from token_info where user='datatom'
2019-11-21 14:10:20,742 - db - INFO - update  detuo_base.token_info set token='Bearer eyJhbGciOiJSUzI1NiIsInR5cCI6IkpXVCJ9.eyJleHAiOjE1NzQ5MjE0MjAsImlhdCI6MTU3NDMxNjYyMCwiaXNzIjoiZGFuYXN0dWRpb19hdXRoX3NlcnZlciIsIm1vZHVsZXMiOlsiYWNjZXNzIiwibWluZGluZyIsIndvcmtmbG93IiwidmF1bHQiLCJtbGliIl0sInJvbGVfaWQiOiJkZXZlbG9wZXIiLCJyb2xlX25hbWUiOiLlvIDlj5HogIUiLCJ0a3ZlcnNpb24iOjAsInVzZXJfaWQiOiJBVzM3cG9oVGs3RDB2SUxFYlk4eiIsInVzZXJfbmFtZSI6ImRhdGF0b20ifQ.FZXbd-JETZSerp4E8j0Zp8Ps8Yq5JjfVFsV6UIy5Ppcp5iDAi8DLHpq8obgD0nww7_Zacom6hWTOgQvRwq0rMgUIoLHKeNP7MfBLMjo2KMsuRRgl3OvVMMgc3-JAGKHdgsBx8p6GlPPOUFX_xUad9aXixgKwpfEBcUInV0MiVN2vNK6Qcmhp6MTTpwM7jiVUQUqb_vuAAHPDt7zo-dI9SFLTftRelV-biZ_eYndWMjehci7fQGQJus3fqP1ex4Yb8tlYXxl_IY2x1ivg60NoJalHB1URUf5mok4IFDOpVuV2rpIOLAa9u1jIW0cdjUYArZwyHYQWCGLY2ZZDYcVV2xO7-ND4ZXWm-E0BU5pbJMKDMj5ZxyqdWaCHcX5RdPUx8rAiEcE6pzaUTcU9z-4ss1JOlJ7P9TGEu-uzODnQzPhbSMxZ5VF14j-AVnD0c6c2XOQI9_5z-qfnYr_6RR_a-kuedt0rFulFBeaKPm8lerZM3LaS05-POnEOg1ufcw05F3F59u_OZaBXjE7PnbRhbr78W3GlZGpgqcezGrLPwa8MRzm0PbWhvJrLb_vl-7z6xsNc-b3qjlSlLFkQkJC0pvVDN_Lx-5zuY_ch739NYlcHMn6hznN3KlyiQS1qO0-cipE26RzVXrbWw9gdas7apFDxkxp9UnPuUMFu5FhHKZk' where 1='1'
<_mysql.connection open to '172.27.148.98' at 1bfc660>
((u'Bearer eyJhbGciOiJSUzI1NiIsInR5cCI6IkpXVCJ9.eyJleHAiOjE1NzQ5MjEzODIsImlhdCI6MTU3NDMxNjU4MiwiaXNzIjoiZGFuYXN0dWRpb19hdXRoX3NlcnZlciIsIm1vZHVsZXMiOlsiYWNjZXNzIiwibWluZGluZyIsIndvcmtmbG93IiwidmF1bHQiLCJtbGliIl0sInJvbGVfaWQiOiJkZXZlbG9wZXIiLCJyb2xlX25hbWUiOiLlvIDlj5HogIUiLCJ0a3ZlcnNpb24iOjAsInVzZXJfaWQiOiJBVzM3cG9oVGs3RDB2SUxFYlk4eiIsInVzZXJfbmFtZSI6ImRhdGF0b20ifQ.lr1zFd_CJm5JII616xKDmrHTrxLObUZhUMrQOnEBfMS0aGtJgb7sfMMhdrohIvJEwMzDljGJJZmZqei5k0AenQ8yaFZZfe-T61d5sNB2EWVZhgN0kEkphjro1bQl82mpgTJ9up8MFRleeuxkeqjVXEm2y3Ros0Zeci3EiW4MrRl5-LCU6AyLbY7SFFFab6CAfZCGQcH8L01d8Tn-JSbRMhlRZVboDzCuNKTRir_7BFfoPePAW46b6C46-9tdAZV3SfTc6ZXdXA1eaGkAlh4DxZiRV0K8z5UGZdN_Hx-7JfuXhVfwT9eGnxA0lvk8r_7kDG0o1Cvdbb1HSGsbzNf_NoFJQ-hfiSwgS4_IuWcggS29jD2IGt4IYXir0HZy69iVABtIU1gmpx77yGWvjqt4si1nQqovd6BZY1p4UBf3dpj-fxtK3kfeOimEyBXVOurTt2bFpkx8GPipLSjOvDPYiTD3nNAY6cOx1FqLwMU36sXIFumLCzwS_ZXxmtAOn8q1rOaEbOuPt2VsXJQenOS7sVkT0bg8Fpz2HlyBGxDRJahytYGAoXKRJ8Bo9Ll0cln8y2-jf7JQNlKpIVbDolwlnpVf3STXREAChXqaZtv2SItv2IyjjSk5k9U5kJjVUWBGmdrqeXdwwbEJYqvMF5Ti6pCp8FTSloRfAMZdghFMLiw',),)
select token from token_info where user='datatom'
('this is user token', u'Bearer eyJhbGciOiJSUzI1NiIsInR5cCI6IkpXVCJ9.eyJleHAiOjE1NzQ5MjEzODIsImlhdCI6MTU3NDMxNjU4MiwiaXNzIjoiZGFuYXN0dWRpb19hdXRoX3NlcnZlciIsIm1vZHVsZXMiOlsiYWNjZXNzIiwibWluZGluZyIsIndvcmtmbG93IiwidmF1bHQiLCJtbGliIl0sInJvbGVfaWQiOiJkZXZlbG9wZXIiLCJyb2xlX25hbWUiOiLlvIDlj5HogIUiLCJ0a3ZlcnNpb24iOjAsInVzZXJfaWQiOiJBVzM3cG9oVGs3RDB2SUxFYlk4eiIsInVzZXJfbmFtZSI6ImRhdGF0b20ifQ.lr1zFd_CJm5JII616xKDmrHTrxLObUZhUMrQOnEBfMS0aGtJgb7sfMMhdrohIvJEwMzDljGJJZmZqei5k0AenQ8yaFZZfe-T61d5sNB2EWVZhgN0kEkphjro1bQl82mpgTJ9up8MFRleeuxkeqjVXEm2y3Ros0Zeci3EiW4MrRl5-LCU6AyLbY7SFFFab6CAfZCGQcH8L01d8Tn-JSbRMhlRZVboDzCuNKTRir_7BFfoPePAW46b6C46-9tdAZV3SfTc6ZXdXA1eaGkAlh4DxZiRV0K8z5UGZdN_Hx-7JfuXhVfwT9eGnxA0lvk8r_7kDG0o1Cvdbb1HSGsbzNf_NoFJQ-hfiSwgS4_IuWcggS29jD2IGt4IYXir0HZy69iVABtIU1gmpx77yGWvjqt4si1nQqovd6BZY1p4UBf3dpj-fxtK3kfeOimEyBXVOurTt2bFpkx8GPipLSjOvDPYiTD3nNAY6cOx1FqLwMU36sXIFumLCzwS_ZXxmtAOn8q1rOaEbOuPt2VsXJQenOS7sVkT0bg8Fpz2HlyBGxDRJahytYGAoXKRJ8Bo9Ll0cln8y2-jf7JQNlKpIVbDolwlnpVf3STXREAChXqaZtv2SItv2IyjjSk5k9U5kJjVUWBGmdrqeXdwwbEJYqvMF5Ti6pCp8FTSloRfAMZdghFMLiw')
('this is user token length', 1)
Bearer eyJhbGciOiJSUzI1NiIsInR5cCI6IkpXVCJ9.eyJleHAiOjE1NzQ5MjE0MjAsImlhdCI6MTU3NDMxNjYyMCwiaXNzIjoiZGFuYXN0dWRpb19hdXRoX3NlcnZlciIsIm1vZHVsZXMiOlsiYWNjZXNzIiwibWluZGluZyIsIndvcmtmbG93IiwidmF1bHQiLCJtbGliIl0sInJvbGVfaWQiOiJkZXZlbG9wZXIiLCJyb2xlX25hbWUiOiLlvIDlj5HogIUiLCJ0a3ZlcnNpb24iOjAsInVzZXJfaWQiOiJBVzM3cG9oVGs3RDB2SUxFYlk4eiIsInVzZXJfbmFtZSI6ImRhdGF0b20ifQ.FZXbd-JETZSerp4E8j0Zp8Ps8Yq5JjfVFsV6UIy5Ppcp5iDAi8DLHpq8obgD0nww7_Zacom6hWTOgQvRwq0rMgUIoLHKeNP7MfBLMjo2KMsuRRgl3OvVMMgc3-JAGKHdgsBx8p6GlPPOUFX_xUad9aXixgKwpfEBcUInV0MiVN2vNK6Qcmhp6MTTpwM7jiVUQUqb_vuAAHPDt7zo-dI9SFLTftRelV-biZ_eYndWMjehci7fQGQJus3fqP1ex4Yb8tlYXxl_IY2x1ivg60NoJalHB1URUf5mok4IFDOpVuV2rpIOLAa9u1jIW0cdjUYArZwyHYQWCGLY2ZZDYcVV2xO7-ND4ZXWm-E0BU5pbJMKDMj5ZxyqdWaCHcX5RdPUx8rAiEcE6pzaUTcU9z-4ss1JOlJ7P9TGEu-uzODnQzPhbSMxZ5VF14j-AVnD0c6c2XOQI9_5z-qfnYr_6RR_a-kuedt0rFulFBeaKPm8lerZM3LaS05-POnEOg1ufcw05F3F59u_OZaBXjE7PnbRhbr78W3GlZGpgqcezGrLPwa8MRzm0PbWhvJrLb_vl-7z6xsNc-b3qjlSlLFkQkJC0pvVDN_Lx-5zuY_ch739NYlcHMn6hznN3KlyiQS1qO0-cipE26RzVXrbWw9gdas7apFDxkxp9UnPuUMFu5FhHKZk
Bearer eyJhbGciOiJSUzI1NiIsInR5cCI6IkpXVCJ9.eyJleHAiOjE1NzQ5MjE0MjAsImlhdCI6MTU3NDMxNjYyMCwiaXNzIjoiZGFuYXN0dWRpb19hdXRoX3NlcnZlciIsIm1vZHVsZXMiOlsiYWNjZXNzIiwibWluZGluZyIsIndvcmtmbG93IiwidmF1bHQiLCJtbGliIl0sInJvbGVfaWQiOiJkZXZlbG9wZXIiLCJyb2xlX25hbWUiOiLlvIDlj5HogIUiLCJ0a3ZlcnNpb24iOjAsInVzZXJfaWQiOiJBVzM3cG9oVGs3RDB2SUxFYlk4eiIsInVzZXJfbmFtZSI6ImRhdGF0b20ifQ.FZXbd-JETZSerp4E8j0Zp8Ps8Yq5JjfVFsV6UIy5Ppcp5iDAi8DLHpq8obgD0nww7_Zacom6hWTOgQvRwq0rMgUIoLHKeNP7MfBLMjo2KMsuRRgl3OvVMMgc3-JAGKHdgsBx8p6GlPPOUFX_xUad9aXixgKwpfEBcUInV0MiVN2vNK6Qcmhp6MTTpwM7jiVUQUqb_vuAAHPDt7zo-dI9SFLTftRelV-biZ_eYndWMjehci7fQGQJus3fqP1ex4Yb8tlYXxl_IY2x1ivg60NoJalHB1URUf5mok4IFDOpVuV2rpIOLAa9u1jIW0cdjUYArZwyHYQWCGLY2ZZDYcVV2xO7-ND4ZXWm-E0BU5pbJMKDMj5ZxyqdWaCHcX5RdPUx8rAiEcE6pzaUTcU9z-4ss1JOlJ7P9TGEu-2019-11-22 10:36:33,437 - db - INFO - select * from detuo_base.task_info where wfid = '715ff5f122e8f6c9d2c87a433d671bff'
2019-11-22 10:36:33,437 - db - ERROR - (<class '_mysql_exceptions.OperationalError'>, OperationalError(2006, 'MySQL server has gone away'), <traceback object at 0x7fb83d722128>)
2019-11-22 10:36:33,437 - tornado.application - ERROR - Uncaught exception POST /dana/workflow/delete (172.26.16.93)
HTTPServerRequest(protocol='http', host='172.27.148.53:12308', method='POST', uri='/dana/workflow/delete', version='HTTP/1.1', remote_ip='172.26.16.93')
Traceback (most recent call last):
  File "/usr/local/lib/python2.7/site-packages/tornado/web.py", line 1590, in _execute
    result = method(*self.path_args, **self.path_kwargs)
  File "api_ftp_20191115.py", line 109, in post
    res = dodoer.del_undown_workflow(id,recordTable)
  File "/opt/datatom/dana_ftp_api/script/dodox_01907302051.py", line 480, in del_undown_workflow
    if len(resData) == 1:
TypeError: object of type 'NoneType' has no len()
2019-11-22 10:36:33,439 - tornado.access - ERROR - 500 POST /dana/workflow/delete (172.26.16.93) 2.32ms
2019-11-22 10:40:08,979 - db - INFO - select * from detuo_base.task_info where wfid = '715ff5f122e8f6c9d2c87a433d671bff'
2019-11-22 10:40:08,979 - db - ERROR - (<class '_mysql_exceptions.OperationalError'>, OperationalError(2006, 'MySQL server has gone away'), <traceback object at 0x7fb83d697170>)
2019-11-22 10:40:08,979 - tornado.application - ERROR - Uncaught exception POST /dana/workflow/delete (172.26.16.93)
HTTPServerRequest(protocol='http', host='172.27.148.53:12308', method='POST', uri='/dana/workflow/delete', version='HTTP/1.1', remote_ip='172.26.16.93')
Traceback (most recent call last):
  File "/usr/local/lib/python2.7/site-packages/tornado/web.py", line 1590, in _execute
    result = method(*self.path_args, **self.path_kwargs)
  File "api_ftp_20191115.py", line 109, in post
    res = dodoer.del_undown_workflow(id,recordTable)
  File "/opt/datatom/dana_ftp_api/script/dodox_01907302051.py", line 480, in del_undown_workflow
    if len(resData) == 1:
TypeError: object of type 'NoneType' has no len()
2019-11-22 10:40:08,979 - tornado.access - ERROR - 500 POST /dana/workflow/delete (172.26.16.93) 1.12ms
2019-11-22 14:46:57,920 - db - INFO - The database has been successfully connected
2019-11-22 14:46:57,920 - db - INFO - select token from token_info where user='datatom'
2019-11-22 14:46:57,949 - db - INFO - update  detuo_base.token_info set token='Bearer eyJhbGciOiJSUzI1NiIsInR5cCI6IkpXVCJ9.eyJleHAiOjE1NzUwMTAwMTcsImlhdCI6MTU3NDQwNTIxNywiaXNzIjoiZGFuYXN0dWRpb19hdXRoX3NlcnZlciIsIm1vZHVsZXMiOlsiYWNjZXNzIiwibWluZGluZyIsIndvcmtmbG93IiwidmF1bHQiLCJtbGliIl0sInJvbGVfaWQiOiJkZXZlbG9wZXIiLCJyb2xlX25hbWUiOiLlvIDlj5HogIUiLCJ0a3ZlcnNpb24iOjAsInVzZXJfaWQiOiJBVzZOLVFUZTluMFB6d0VpMTl5SyIsInVzZXJfbmFtZSI6ImRldHVvIn0.hvovxVETVFZ1-5a4tVlUqG7fKRtc-TL-d_5ynGUVy0bF3x6_zTN87I5DlQISUuz47lmkRmyucffYK7sSCBptQxPaspFBpz0wYzlJ8jrtmGlPcC71ZKAMIbP7FjkRVl7d8fylsdKAwYKvA01kh_0COth9ACVTYGuwkMEXmPpkHX9pVUjVjx1dcHl8XEbzSySfNfwEMzmzws4_kkcTNj2lntSp-ByA34v9hqKHk-SzK_VtVKRaPyvbuxUVhFzKdZhaQBR-MgtHhadO-en5ISDcT39nHthWEwrGzHue-0mIDw3jaoy-gHtf9XKUNAxq-Xics-3cHN8vxSDsqu8Ug6YENbU04C3IPtKGJCH61P2iQiO97sz6yRZ0GGRDJR9mToVC9MCbaKviOyPFsWlGo9MFhCRWsFLHY-w5Bxttwn5D6pGCEEXnf9d59s9OgGVBNeGZ3uHq69f8GHPPzzsBGC7sZZukDBt0yvZSm0d7vw9DvWafOyhRh6fJD-8-INQ2ge9cKZX0uFkmzKIdTadZKzGg_tbht0yBCn_VFRCPobFq4yqg3WenJFa7n3VA6Zr02hIVFudOjLfm4b3iX4i2qcrk1KgGaJGyc_EX07sJo8lsikjMMgDEJ4mXICiv8KtUVVf6_Y3ruK3JCjRAEi26wAQgaPe9u_cp9WR2r3ttun1V4Dc' where 1='1'
<_mysql.connection open to '172.27.148.98' at 1935660>
((u'Bearer eyJhbGciOiJSUzI1NiIsInR5cCI6IkpXVCJ9.eyJleHAiOjE1NzUwMDk5ODYsImlhdCI6MTU3NDQwNTE4NiwiaXNzIjoiZGFuYXN0dWRpb19hdXRoX3NlcnZlciIsIm1vZHVsZXMiOlsiYWNjZXNzIiwibWluZGluZyIsIndvcmtmbG93IiwidmF1bHQiLCJtbGliIl0sInJvbGVfaWQiOiJkZXZlbG9wZXIiLCJyb2xlX25hbWUiOiLlvIDlj5HogIUiLCJ0a3ZlcnNpb24iOjAsInVzZXJfaWQiOiJBVzZOLVFUZTluMFB6d0VpMTl5SyIsInVzZXJfbmFtZSI6ImRldHVvIn0.MKRO9FbEvdK5n1vrsKgADuWEthTPs0fcXOBNJtEHCi2ZRfZdxQqnEY68fLbM7bM4PqXHOAnKWVg2gcmbAlHw7dKBhP1dVXna0jx0R5VaQ_Htd2yMOuTREB8fqtl2kYtpadjzLyLRAQK4KXuKCk8HLfqOzegTNWobTAf5yE88upLV17uqPsn4EfNXJzHx2Lya9ZxopYfuXMIyzVlLSgkmMSH01pqabt9nGwuVy_FmCuQFFr3rFO8JM_z_mQpgKUbeq6lCPXdu2SZXphtXRwTsZwAvnRaH8_F68s76HF8h68YcJ0q7fwHOPt0wWb76C-Fc-ZSADQVF1qEn-b3pmn60ffUlUqpOdpq674PwEZ_HbsYCPDQBQHjl5fQ4hFl8S2FiopOmhxiA2pXvaNxo1_vQoWw9xCcbOrRYtue1-cdzvrGte5FbOgBBULOhtsVRgdm6-B45IVhmrHRVRKEhLSOPeiAuxzUlSmklfIIPwlXkxtna4xKqJrnRDKyVJPLHkRMNHRf_sG39RHEUw3CVsNmS32elheLpGZpgwKIXGf9eVrWaucRmDFclGiaDqNfLN6uobPiGal4yiKNIlvivyA4uk6zZ2NmcrF6O8TpkbGqD1fmTiHAasY4kX8VXokyoBtyFT6ihaSiyL61aenz113kwNQSyN5uGBHlkg-1MKsjvByo',),)
select token from token_info where user='datatom'
('this is user token', u'Bearer eyJhbGciOiJSUzI1NiIsInR5cCI6IkpXVCJ9.eyJleHAiOjE1NzUwMDk5ODYsImlhdCI6MTU3NDQwNTE4NiwiaXNzIjoiZGFuYXN0dWRpb19hdXRoX3NlcnZlciIsIm1vZHVsZXMiOlsiYWNjZXNzIiwibWluZGluZyIsIndvcmtmbG93IiwidmF1bHQiLCJtbGliIl0sInJvbGVfaWQiOiJkZXZlbG9wZXIiLCJyb2xlX25hbWUiOiLlvIDlj5HogIUiLCJ0a3ZlcnNpb24iOjAsInVzZXJfaWQiOiJBVzZOLVFUZTluMFB6d0VpMTl5SyIsInVzZXJfbmFtZSI6ImRldHVvIn0.MKRO9FbEvdK5n1vrsKgADuWEthTPs0fcXOBNJtEHCi2ZRfZdxQqnEY68fLbM7bM4PqXHOAnKWVg2gcmbAlHw7dKBhP1dVXna0jx0R5VaQ_Htd2yMOuTREB8fqtl2kYtpadjzLyLRAQK4KXuKCk8HLfqOzegTNWobTAf5yE88upLV17uqPsn4EfNXJzHx2Lya9ZxopYfuXMIyzVlLSgkmMSH01pqabt9nGwuVy_FmCuQFFr3rFO8JM_z_mQpgKUbeq6lCPXdu2SZXphtXRwTsZwAvnRaH8_F68s76HF8h68YcJ0q7fwHOPt0wWb76C-Fc-ZSADQVF1qEn-b3pmn60ffUlUqpOdpq674PwEZ_HbsYCPDQBQHjl5fQ4hFl8S2FiopOmhxiA2pXvaNxo1_vQoWw9xCcbOrRYtue1-cdzvrGte5FbOgBBULOhtsVRgdm6-B45IVhmrHRVRKEhLSOPeiAuxzUlSmklfIIPwlXkxtna4xKqJrnRDKyVJPLHkRMNHRf_sG39RHEUw3CVsNmS32elheLpGZpgwKIXGf9eVrWaucRmDFclGiaDqNfLN6uobPiGal4yiKNIlvivyA4uk6zZ2NmcrF6O8TpkbGqD1fmTiHAasY4kX8VXokyoBtyFT6ihaSiyL61aenz113kwNQSyN5uGBHlkg-1MKsjvByo')
('this is user token length', 1)
Bearer eyJhbGciOiJSUzI1NiIsInR5cCI6IkpXVCJ9.eyJleHAiOjE1NzUwMTAwMTcsImlhdCI6MTU3NDQwNTIxNywiaXNzIjoiZGFuYXN0dWRpb19hdXRoX3NlcnZlciIsIm1vZHVsZXMiOlsiYWNjZXNzIiwibWluZGluZyIsIndvcmtmbG93IiwidmF1bHQiLCJtbGliIl0sInJvbGVfaWQiOiJkZXZlbG9wZXIiLCJyb2xlX25hbWUiOiLlvIDlj5HogIUiLCJ0a3ZlcnNpb24iOjAsInVzZXJfaWQiOiJBVzZOLVFUZTluMFB6d0VpMTl5SyIsInVzZXJfbmFtZSI6ImRldHVvIn0.hvovxVETVFZ1-5a4tVlUqG7fKRtc-TL-d_5ynGUVy0bF3x6_zTN87I5DlQISUuz47lmkRmyucffYK7sSCBptQxPaspFBpz0wYzlJ8jrtmGlPcC71ZKAMIbP7FjkRVl7d8fylsdKAwYKvA01kh_0COth9ACVTYGuwkMEXmPpkHX9pVUjVjx1dcHl8XEbzSySfNfwEMzmzws4_kkcTNj2lntSp-ByA34v9hqKHk-SzK_VtVKRaPyvbuxUVhFzKdZhaQBR-MgtHhadO-en5ISDcT39nHthWEwrGzHue-0mIDw3jaoy-gHtf9XKUNAxq-Xics-3cHN8vxSDsqu8Ug6YENbU04C3IPtKGJCH61P2iQiO97sz6yRZ0GGRDJR9mToVC9MCbaKviOyPFsWlGo9MFhCRWsFLHY-w5Bxttwn5D6pGCEEXnf9d59s9OgGVBNeGZ3uHq69f8GHPPzzsBGC7sZZukDBt0yvZSm0d7vw9DvWafOyhRh6fJD-8-INQ2ge9cKZX0uFkmzKIdTadZKzGg_tbht0yBCn_VFRCPobFq4yqg3WenJFa7n3VA6Zr02hIVFudOjLfm4b3iX4i2qcrk1KgGaJGyc_EX07sJo8lsikjMMgDEJ4mXICiv8KtUVVf6_Y3ruK3JCjRAEi26wAQgaPe9u_cp9WR2r3ttun1V4Dc
Bearer eyJhbGciOiJSUzI1NiIsInR5cCI6IkpXVCJ9.eyJleHAiOjE1NzUwMTAwMTcsImlhdCI6MTU3NDQwNTIxNywiaXNzIjoiZGFuYXN0dWRpb19hdXRoX3NlcnZlciIsIm1vZHVsZXMiOlsiYWNjZXNzIiwibWluZGluZyIsIndvcmtmbG93IiwidmF1bHQiLCJtbGliIl0sInJvbGVfaWQiOiJkZXZlbG9wZXIiLCJyb2xlX25hbWUiOiLlvIDlj5HogIUiLCJ0a3ZlcnNpb24iOjAsInVzZXJfaWQiOiJBVzZOLVFUZTluMFB6d0VpMTl5SyIsInVzZXJfbmFtZSI6ImRldHVvIn0.hvovxVETVFZ1-5a4tVlUqG7fKRtc-TL-d_5ynGUVy0bF3x6_zTN87I5DlQISUuz47lmkRmyucffYK7sSCBptQxPaspFBpz0wYzlJ8jrtmGlPcC71ZKAMIbP7FjkRVl7d8fylsdKAwYKvA01kh_0COth9ACVTYGuwkMEXmPpkHX9pVUjVjx1dcHl8XEbzSySfNfwEMzmzws4_kkcTNj2lntSp-ByA34v9hqKHk-SzK_VtVKRaPyvbuxUVhFzKdZhaQBR-MgtHhadO-en5ISDcT39nHthWEwrGzHue-0mIDw3jaoy-gHtf9XKUNAxq-Xics-3cHN8vxSDsqu8Ug6YENbU04C3IPtKGJCH61P2iQiO97sz6yRZ0GGRDJR9mToVC9MCbaKviOyPFsWlGo9MFhCRWsFLHY-w5Bxttwn5D6pGCEE2019-11-22 15:10:16,654 - db - INFO - The database has been successfully connected
2019-11-22 15:10:16,655 - db - INFO - select token from token_info where user='datatom'
2019-11-22 15:10:16,684 - db - INFO - update  detuo_base.token_info set token='Bearer eyJhbGciOiJSUzI1NiIsInR5cCI6IkpXVCJ9.eyJleHAiOjE1NzUwMTE0MTYsImlhdCI6MTU3NDQwNjYxNiwiaXNzIjoiZGFuYXN0dWRpb19hdXRoX3NlcnZlciIsIm1vZHVsZXMiOlsiYWNjZXNzIiwibWluZGluZyIsIndvcmtmbG93IiwidmF1bHQiLCJtbGliIl0sInJvbGVfaWQiOiJkZXZlbG9wZXIiLCJyb2xlX25hbWUiOiLlvIDlj5HogIUiLCJ0a3ZlcnNpb24iOjAsInVzZXJfaWQiOiJBVzZOLVFUZTluMFB6d0VpMTl5SyIsInVzZXJfbmFtZSI6ImRldHVvIn0.PPFFfCR2NoBBvj4kO_p_yANPJcJ8tt-lOrH3XXFPsgeIAiPK4H2PhmS-irEoOsPevZtzfXk3XYQydMoO7y8j5_4nm6_OJXbTy0yOqZV2aRHq2MVNDgfLc9ACx3tuR4Gk7f5MVMe8_2yQa6ijGxb2p0qDDtAJKwAmUtHlBU8LvxHeC8HM54n7NmarBSyyOIacnfVcJGj9i2OS1CmdYX6IbzNdS0clOLy7UphgmslhKq7m8lpQJ2WbYZJZnpkoHOENKgdp1CxlzE_lnXCHzQw9q3N3rfNE7e3eBelCSXE-P9RnzTyyG9cw1PJOa4BvHxku5Rxn9unT1wJmcGbEPKbKSMm5vsFLlW-2K4dNDq3ojPtoOSbX8TJFC4iK2MhviEU_ebNLqs8iSr3Owbqqmjdbllu-O4CHVhFjo1C0kRdasL7wFk6lMVdrGuTLbE37SCPkKx3gHk4Jt-Q7cTLz_Spm9UKwDu3WRGYuV_3ATOnA6QWf1JwRcUG6LRdhQ0mgQqd8pyttB7mKnzg-KIlY-0NEBaQlIopUjesIaMuBhbUUCvGr9NSjGbr6MsBq90Gzwd75tjwA9stYQKwRgq16Q2F2Z069wHq0QGAY2Xh5RDDgP_Am3k-jCjGxFN5pdhxvaJXTZLyfyLpmaPQloChmqZJ48vuZz5vEKbkZIcWM3dRd5wA' where 1='1'
<_mysql.connection open to '172.27.148.98' at 2d85d10>
((u'Bearer eyJhbGciOiJSUzI1NiIsInR5cCI6IkpXVCJ9.eyJleHAiOjE1NzUwMTA3NTgsImlhdCI6MTU3NDQwNTk1OCwiaXNzIjoiZGFuYXN0dWRpb19hdXRoX3NlcnZlciIsIm1vZHVsZXMiOlsiYWNjZXNzIiwibWluZGluZyIsIndvcmtmbG93IiwidmF1bHQiLCJtbGliIl0sInJvbGVfaWQiOiJkZXZlbG9wZXIiLCJyb2xlX25hbWUiOiLlvIDlj5HogIUiLCJ0a3ZlcnNpb24iOjAsInVzZXJfaWQiOiJBVzZOLVFUZTluMFB6d0VpMTl5SyIsInVzZXJfbmFtZSI6ImRldHVvIn0.LfluW1rhDUnZ6ZB_S_PyDSmCFCMFEIfr23JZdFf5HTvV5Uduhkm2bKThLnMqNObgMHCZdZeGIX2PlYcEHRh9KoGOUI08gWwR0EdeHQf3FQAtGiAlN7g1LPLkkC5DLWgL3q4ZdmHMjRfgQUb9Wsp15psDzi_ksjQIZ1n8STDzCqGOV0j2u1x65MQFtMGi15ZxHSexD_wHTA6YLaay0HwU-D7cXf5rgmKzsdIFioFyO1y3F1BazqtEMCS_jd2cS2Mhwl9zNNviJSnkXm9skm7uHkd5mxo_355MG_12xxhS6xOv5h-2rOe5RrfeSh21EW4CdPrXzlUYqhOEu6fGYNgh9c7NNPBtC-kunk1jfOKciWn4xrQqa95RXW9jt9HqdYsv2VHxdO8-F0PgxHKfDnJJBcrx_1YSq56EPPBJ2stKUtPw6KQRs_EwETyUPR3qS-NS58HGdLNPFrgd6oq9HZylKyNLfCvOfRELc3Y4r2SvvjGIUWw981V6mTv3u7SPM177VMu3mxL0xYU41Rvc4isTXDt794hDiy07OrPHNQ1fhO3WTWhAhkaQE5cFAgesQ75_IjSbz2yITQ70q29BW68o1i-mnThnsty2NCYnafB4NAHl0lt69QGvfDOjVBW7gl7Df2qDEHTGoFajpiSk3lqHtF4OZxMMHltew-VX1iFcm4Q',),)
select token from token_info where user='datatom'
('this is user token', u'Bearer eyJhbGciOiJSUzI1NiIsInR5cCI6IkpXVCJ9.eyJleHAiOjE1NzUwMTA3NTgsImlhdCI6MTU3NDQwNTk1OCwiaXNzIjoiZGFuYXN0dWRpb19hdXRoX3NlcnZlciIsIm1vZHVsZXMiOlsiYWNjZXNzIiwibWluZGluZyIsIndvcmtmbG93IiwidmF1bHQiLCJtbGliIl0sInJvbGVfaWQiOiJkZXZlbG9wZXIiLCJyb2xlX25hbWUiOiLlvIDlj5HogIUiLCJ0a3ZlcnNpb24iOjAsInVzZXJfaWQiOiJBVzZOLVFUZTluMFB6d0VpMTl5SyIsInVzZXJfbmFtZSI6ImRldHVvIn0.LfluW1rhDUnZ6ZB_S_PyDSmCFCMFEIfr23JZdFf5HTvV5Uduhkm2bKThLnMqNObgMHCZdZeGIX2PlYcEHRh9KoGOUI08gWwR0EdeHQf3FQAtGiAlN7g1LPLkkC5DLWgL3q4ZdmHMjRfgQUb9Wsp15psDzi_ksjQIZ1n8STDzCqGOV0j2u1x65MQFtMGi15ZxHSexD_wHTA6YLaay0HwU-D7cXf5rgmKzsdIFioFyO1y3F1BazqtEMCS_jd2cS2Mhwl9zNNviJSnkXm9skm7uHkd5mxo_355MG_12xxhS6xOv5h-2rOe5RrfeSh21EW4CdPrXzlUYqhOEu6fGYNgh9c7NNPBtC-kunk1jfOKciWn4xrQqa95RXW9jt9HqdYsv2VHxdO8-F0PgxHKfDnJJBcrx_1YSq56EPPBJ2stKUtPw6KQRs_EwETyUPR3qS-NS58HGdLNPFrgd6oq9HZylKyNLfCvOfRELc3Y4r2SvvjGIUWw981V6mTv3u7SPM177VMu3mxL0xYU41Rvc4isTXDt794hDiy07OrPHNQ1fhO3WTWhAhkaQE5cFAgesQ75_IjSbz2yITQ70q29BW68o1i-mnThnsty2NCYnafB4NAHl0lt69QGvfDOjVBW7gl7Df2qDEHTGoFajpiSk3lqHtF4OZxMMHltew-VX1iFcm4Q')
('this is user token length', 1)
Bearer eyJhbGciOiJSUzI1NiIsInR5cCI6IkpXVCJ9.eyJleHAiOjE1NzUwMTE0MTYsImlhdCI6MTU3NDQwNjYxNiwiaXNzIjoiZGFuYXN0dWRpb19hdXRoX3NlcnZlciIsIm1vZHVsZXMiOlsiYWNjZXNzIiwibWluZGluZyIsIndvcmtmbG93IiwidmF1bHQiLCJtbGliIl0sInJvbGVfaWQiOiJkZXZlbG9wZXIiLCJyb2xlX25hbWUiOiLlvIDlj5HogIUiLCJ0a3ZlcnNpb24iOjAsInVzZXJfaWQiOiJBVzZOLVFUZTluMFB6d0VpMTl5SyIsInVzZXJfbmFtZSI6ImRldHVvIn0.PPFFfCR2NoBBvj4kO_p_yANPJcJ8tt-lOrH3XXFPsgeIAiPK4H2PhmS-irEoOsPevZtzfXk3XYQydMoO7y8j5_4nm6_OJXbTy0yOqZV2aRHq2MVNDgfLc9ACx3tuR4Gk7f5MVMe8_2yQa6ijGxb2p0qDDtAJKwAmUtHlBU8LvxHeC8HM54n7NmarBSyyOIacnfVcJGj9i2OS1CmdYX6IbzNdS0clOLy7UphgmslhKq7m8lpQJ2WbYZJZnpkoHOENKgdp1CxlzE_lnXCHzQw9q3N3rfNE7e3eBelCSXE-P9RnzTyyG9cw1PJOa4BvHxku5Rxn9unT1wJmcGbEPKbKSMm5vsFLlW-2K4dNDq3ojPtoOSbX8TJFC4iK2MhviEU_ebNLqs8iSr3Owbqqmjdbllu-O4CHVhFjo1C0kRdasL7wFk6lMVdrGuTLbE37SCPkKx3gHk4Jt-Q7cTLz_Spm9UKwDu3WRGYuV_3ATOnA6QWf1JwRcUG6LRdhQ0mgQqd8pyttB7mKnzg-KIlY-0NEBaQlIopUjesIaMuBhbUUCvGr9NSjGbr6MsBq90Gzwd75tjwA9stYQKwRgq16Q2F2Z069wHq0QGAY2Xh5RDDgP_Am3k-jCjGxFN5pdhxvaJXTZLyfyLpmaPQloChmqZJ48vuZz5vEKbkZIcWM3dRd5wA
Bearer eyJhbGciOiJSUzI1NiIsInR5cCI6IkpXVCJ9.eyJleHAiOjE1NzUwMTE0MTYsImlhdCI6MTU3NDQwNjYxNiwiaXNzIjoiZGFuYXN0dWRpb19hdXRoX3NlcnZlciIsIm1vZHVsZXMiOlsiYWNjZXNzIiwibWluZGluZyIsIndvcmtmbG93IiwidmF1bHQiLCJtbGliIl0sInJvbGVfaWQiOiJkZXZlbG9wZXIiLCJyb2xlX25hbWUiOiLlvIDlj5HogIUiLCJ0a3ZlcnNpb24iOjAsInVzZXJfaWQiOiJBVzZOLVFUZTluMFB6d0VpMTl5SyIsInVzZXJfbmFtZSI6ImRldHVvIn0.PPFFfCR2NoBBvj4kO_p_yANPJcJ8tt-lOrH3XXFPsgeIAiPK4H2PhmS-irEoOsPevZtzfXk3XYQydMoO7y8j5_4nm6_OJXbTy0yOqZV2aRHq2MVNDgfLc9ACx3tuR4Gk7f5MVMe8_2yQa6ijGxb2p0qDDtAJKwAmUtHlBU8LvxHeC8HM54n7NmarBSyyOIacnfVcJGj9i2OS1CmdYX6IbzNdS0clOLy7UphgmslhKq7m8lpQJ2WbYZJZnpkoHOENKgdp1CxlzE_lnXCHzQw9q3N3rfNE7e3eBelCSXE-P9RnzTyyG9cw1PJOa4BvHxku5Rxn9unT1wJmcGbEPKbKSMm5vsFLlW-2K4dNDq3ojPtoOSbX8TJFC4iK2MhviEU_ebNLqs8iSr3Owbqqmjdbllu-O4CHVhFjo1C0kRdasL7wFk6lMVdrGuTLbE37SCPkKx3gHk4Jt-Q7cTLz_Spm9UKwDu3WRGYuV_3ATOnA6QWf1JwRcUG6LRdhQ0mgQqd8pyttB7mKnzg-KIlY-0NEBaQlIopUjesIaMuBhbUUCvGr9NSjGbr6MsBq90Gzwd75tjwA9stYQKwRgq16Q2F2Z069wHq0QGAY2Xh5RDDgP_Am3k-jCjGxFN5pdhxvaJXTZLyfyLpmaPQloChmqZJ48vuZz5vEKbkZIcWM3dRd5wA
Traceback (most recent call last):
  File "api_ftp_20191115.py", line 196, in <module>
    application.listen(12308)
  File "/usr/local/lib/python2.7/site-packages/tornado/web.py", line 2042, in listen
    server.listen(port, address)
  File "/usr/local/lib/python2.7/site-packages/tornado/tcpserver.py", line 143, in listen
    sockets = bind_sockets(port, address=address)
  File "/usr/local/lib/python2.7/site-packages/tornado/netutil.py", line 168, in bind_sockets
    sock.bind(sockaddr)
  File "/usr/local/lib/python2.7/socket.py", line 228, in meth
    return getattr(self._sock,name)(*args)
socket.error: [Errno 98] Address already in use
2019-11-22 15:10:16,696 - db - INFO - The database has been closed
2019-11-22 15:10:36,611 - db - INFO - The database has been successfully connected
2019-11-22 15:10:36,611 - db - INFO - select token from token_info where user='datatom'
2019-11-22 15:10:36,640 - db - INFO - update  detuo_base.token_info set token='Bearer eyJhbGciOiJSUzI1NiIsInR5cCI6IkpXVCJ9.eyJleHAiOjE1NzUwMTE0MzYsImlhdCI6MTU3NDQwNjYzNiwiaXNzIjoiZGFuYXN0dWRpb19hdXRoX3NlcnZlciIsIm1vZHVsZXMiOlsiYWNjZXNzIiwibWluZGluZyIsIndvcmtmbG93IiwidmF1bHQiLCJtbGliIl0sInJvbGVfaWQiOiJkZXZlbG9wZXIiLCJyb2xlX25hbWUiOiLlvIDlj5HogIUiLCJ0a3ZlcnNpb24iOjAsInVzZXJfaWQiOiJBVzZOLVFUZTluMFB6d0VpMTl5SyIsInVzZXJfbmFtZSI6ImRldHVvIn0.mwZUJ5MWAOBMKL-qGhJ6RocZJZtGW9bfmUXyzggRkZJp2W7oS3tWLOdfC0pbxAQtWiJU3-M7caI2Jci4E_N4QEjhJ9rANs_Ahkr20CD39HIS8smC8MRVOczUVAXAfIcWM38_PnJzwJR3bYQoOf5EO0-NRBm2zN0VGkjYbOp2hveDuJr_NhccqKdCRfc2Jgskf-mx8ZNjXFZNVhkRpEF5-w7_7HKrHRy579WKpvlWbuffOlpF1j3l7FuF4nv72ehbLtq0SmRvUoWpgMY9tC85fYm6DZAYAiOce_6_8vpXGB95fO0fciSyylkWU0qvbiakMvkReTuK6tQA9QyZUSxH80MNizONkJkJg6_7lnMSOe5fPwXxGiznN9P6EQl7eg1-fHa4gL04KoW5kAAx2A2pt4QYJCIEf_IXUJBHerKAQvy5VFrYwAh4u3HjU8knDvvNtdPlai-8XQMs-LvqiymM4eHd79enThhzvXpuG0oblFLN3t0fbve7JJazT9mI-bLStqWpA6FCOgvpZMYSPSVbLHlMyaSBXrADixMBE3C_u3FWIYb_YFMHzkMJZBN60TBCye_smyl_H1caX1jIAWYjIzcyt8uDXXrTIsYyPlbxiQ9yxw67ZcKTlp4Wi_KC-93CbtfflqEy5sancXuwNWuhs0zWRZoyCQiCZRRSHNlUfX4' where 1='1'
<_mysql.connection open to '172.27.148.98' at 24dcd10>
((u'Bearer eyJhbGciOiJSUzI1NiIsInR5cCI6IkpXVCJ9.eyJleHAiOjE1NzUwMTE0MTYsImlhdCI6MTU3NDQwNjYxNiwiaXNzIjoiZGFuYXN0dWRpb19hdXRoX3NlcnZlciIsIm1vZHVsZXMiOlsiYWNjZXNzIiwibWluZGluZyIsIndvcmtmbG93IiwidmF1bHQiLCJtbGliIl0sInJvbGVfaWQiOiJkZXZlbG9wZXIiLCJyb2xlX25hbWUiOiLlvIDlj5HogIUiLCJ0a3ZlcnNpb24iOjAsInVzZXJfaWQiOiJBVzZOLVFUZTluMFB6d0VpMTl5SyIsInVzZXJfbmFtZSI6ImRldHVvIn0.PPFFfCR2NoBBvj4kO_p_yANPJcJ8tt-lOrH3XXFPsgeIAiPK4H2PhmS-irEoOsPevZtzfXk3XYQydMoO7y8j5_4nm6_OJXbTy0yOqZV2aRHq2MVNDgfLc9ACx3tuR4Gk7f5MVMe8_2yQa6ijGxb2p0qDDtAJKwAmUtHlBU8LvxHeC8HM54n7NmarBSyyOIacnfVcJGj9i2OS1CmdYX6IbzNdS0clOLy7UphgmslhKq7m8lpQJ2WbYZJZnpkoHOENKgdp1CxlzE_lnXCHzQw9q3N3rfNE7e3eBelCSXE-P9RnzTyyG9cw1PJOa4BvHxku5Rxn9unT1wJmcGbEPKbKSMm5vsFLlW-2K4dNDq3ojPtoOSbX8TJFC4iK2MhviEU_ebNLqs8iSr3Owbqqmjdbllu-O4CHVhFjo1C0kRdasL7wFk6lMVdrGuTLbE37SCPkKx3gHk4Jt-Q7cTLz_Spm9UKwDu3WRGYuV_3ATOnA6QWf1JwRcUG6LRdhQ0mgQqd8pyttB7mKnzg-KIlY-0NEBaQlIopUjesIaMuBhbUUCvGr9NSjGbr6MsBq90Gzwd75tjwA9stYQKwRgq16Q2F2Z069wHq0QGAY2Xh5RDDgP_Am3k-jCjGxFN5pdhxvaJXTZLyfyLpmaPQloChmqZJ48vuZz5vEKbkZIcWM3dRd5wA',),)
select token from token_info where user='datatom'
('this is user token', u'Bearer eyJhbGciOiJSUzI1NiIsInR5cCI6IkpXVCJ9.eyJleHAiOjE1NzUwMTE0MTYsImlhdCI6MTU3NDQwNjYxNiwiaXNzIjoiZGFuYXN0dWRpb19hdXRoX3NlcnZlciIsIm1vZHVsZXMiOlsiYWNjZXNzIiwibWluZGluZyIsIndvcmtmbG93IiwidmF1bHQiLCJtbGliIl0sInJvbGVfaWQiOiJkZXZlbG9wZXIiLCJyb2xlX25hbWUiOiLlvIDlj5HogIUiLCJ0a3ZlcnNpb24iOjAsInVzZXJfaWQiOiJBVzZOLVFUZTluMFB6d0VpMTl5SyIsInVzZXJfbmFtZSI6ImRldHVvIn0.PPFFfCR2NoBBvj4kO_p_yANPJcJ8tt-lOrH3XXFPsgeIAiPK4H2PhmS-irEoOsPevZtzfXk3XYQydMoO7y8j5_4nm6_OJXbTy0yOqZV2aRHq2MVNDgfLc9ACx3tuR4Gk7f5MVMe8_2yQa6ijGxb2p0qDDtAJKwAmUtHlBU8LvxHeC8HM54n7NmarBSyyOIacnfVcJGj9i2OS1CmdYX6IbzNdS0clOLy7UphgmslhKq7m8lpQJ2WbYZJZnpkoHOENKgdp1CxlzE_lnXCHzQw9q3N3rfNE7e3eBelCSXE-P9RnzTyyG9cw1PJOa4BvHxku5Rxn9unT1wJmcGbEPKbKSMm5vsFLlW-2K4dNDq3ojPtoOSbX8TJFC4iK2MhviEU_ebNLqs8iSr3Owbqqmjdbllu-O4CHVhFjo1C0kRdasL7wFk6lMVdrGuTLbE37SCPkKx3gHk4Jt-Q7cTLz_Spm9UKwDu3WRGYuV_3ATOnA6QWf1JwRcUG6LRdhQ0mgQqd8pyttB7mKnzg-KIlY-0NEBaQlIopUjesIaMuBhbUUCvGr9NSjGbr6MsBq90Gzwd75tjwA9stYQKwRgq16Q2F2Z069wHq0QGAY2Xh5RDDgP_Am3k-jCjGxFN5pdhxvaJXTZLyfyLpmaPQloChmqZJ48vuZz5vEKbkZIcWM3dRd5wA')
('this is user token length', 1)
Bearer eyJhbGciOiJSUzI1NiIsInR5cCI6IkpXVCJ9.eyJleHAiOjE1NzUwMTE0MzYsImlhdCI6MTU3NDQwNjYzNiwiaXNzIjoiZGFuYXN0dWRpb19hdXRoX3NlcnZlciIsIm1vZHVsZXMiOlsiYWNjZXNzIiwibWluZGluZyIsIndvcmtmbG93IiwidmF1bHQiLCJtbGliIl0sInJvbGVfaWQiOiJkZXZlbG9wZXIiLCJyb2xlX25hbWUiOiLlvIDlj5HogIUiLCJ0a3ZlcnNpb24iOjAsInVzZXJfaWQiOiJBVzZOLVFUZTluMFB6d0VpMTl5SyIsInVzZXJfbmFtZSI6ImRldHVvIn0.mwZUJ5MWAOBMKL-qGhJ6RocZJZtGW9bfmUXyzggRkZJp2W7oS3tWLOdfC0pbxAQtWiJU3-M7caI2Jci4E_N4QEjhJ9rANs_Ahkr20CD39HIS8smC8MRVOczUVAXAfIcWM38_PnJzwJR3bYQoOf5EO0-NRBm2zN0VGkjYbOp2hveDuJr_NhccqKdCRfc2Jgskf-mx8ZNjXFZNVhkRpEF5-w7_7HKrHRy579WKpvlWbuffOlpF1j3l7FuF4nv72ehbLtq0SmRvUoWpgMY9tC85fYm6DZAYAiOce_6_8vpXGB95fO0fciSyylkWU0qvbiakMvkReTuK6tQA9QyZUSxH80MNizONkJkJg6_7lnMSOe5fPwXxGiznN9P6EQl7eg1-fHa4gL04KoW5kAAx2A2pt4QYJCIEf_IXUJBHerKAQvy5VFrYwAh4u3HjU8knDvvNtdPlai-8XQMs-LvqiymM4eHd79enThhzvXpuG0oblFLN3t0fbve7JJazT9mI-bLStqWpA6FCOgvpZMYSPSVbLHlMyaSBXrADixMBE3C_u3FWIYb_YFMHzkMJZBN60TBCye_smyl_H1caX1jIAWYjIzcyt8uDXXrTIsYyPlbxiQ9yxw67ZcKTlp4Wi_KC-93CbtfflqEy5sancXuwNWuhs0zWRZoyCQiCZRRSHNlUfX4
Bearer eyJhbGciOiJSUzI1NiIsInR5cCI6IkpXVCJ9.eyJleHAiOjE1NzUwMTE0MzYsImlhdCI6MTU3NDQwNjYzNiwiaXNzIjoiZGFuYXN0dWRpb19hdXRoX3NlcnZlciIsIm1vZHVsZXMiOlsiYWNjZXNzIiwibWluZGluZyIsIndvcmtmbG93IiwidmF1bHQiLCJtbGliIl0sInJvbGVfaWQiOiJkZXZlbG9wZXIiLCJyb2xlX25hbWUiOiLlvIDlj5HogIUiLCJ0a3ZlcnNpb24iOjAsInVzZXJfaWQiOiJBVzZOLVFUZTluMFB6d0VpMTl5SyIsInVzZXJfbmFtZSI6ImRldHVvIn0.mwZUJ5MWAOBMKL-qGhJ6RocZJZtGW9bfmUXyzggRkZJp2W7oS3tWLOdfC0pbxAQtWiJU3-M7caI2Jci4E_N4QEjhJ9rANs_Ahkr20CD39HIS8smC8MRVOczUVAXAfIcWM38_PnJzwJR3bYQoOf5EO0-NRBm2zN0VGkjYbOp2hveDuJr_NhccqKdCRfc2Jgskf-mx8ZNjXFZNVhkRpEF5-w7_7HKrHRy579WKpvlWbuffOlpF1j3l7FuF4nv72ehbLtq0SmRvUoWpgMY9tC85fYm6DZAYAiOce_6_8vpXGB95fO0fciSyylkWU0qvbiakMvkReTuK6tQA9QyZUSxH80MNizONkJkJg6_7lnMSOe5fPwXxGiznN9P6EQl7eg1-fHa4gL04KoW5kAAx2A2pt4QYJCIEf_IXUJBHerKAQvy5VF2019-11-22 16:20:33,209 - tornado.application - ERROR - Uncaught exception POST /dana/workflow/add (172.27.148.74)
HTTPServerRequest(protocol='http', host='172.27.148.53:12308', method='POST', uri='/dana/workflow/add', version='HTTP/1.1', remote_ip='172.27.148.74')
Traceback (most recent call last):
  File "/usr/local/lib/python2.7/site-packages/tornado/web.py", line 1590, in _execute
    result = method(*self.path_args, **self.path_kwargs)
  File "api_ftp_20191115.py", line 40, in post
    Notionalpoolingtype = res['Notionalpoolingtype']
KeyError: 'Notionalpoolingtype'
2019-11-22 16:20:33,211 - tornado.access - ERROR - 500 POST /dana/workflow/add (172.27.148.74) 2.03ms
2019-11-22 16:21:20,414 - tornado.application - ERROR - Uncaught exception POST /dana/workflow/add (172.27.148.74)
HTTPServerRequest(protocol='http', host='172.27.148.53:12308', method='POST', uri='/dana/workflow/add', version='HTTP/1.1', remote_ip='172.27.148.74')
Traceback (most recent call last):
  File "/usr/local/lib/python2.7/site-packages/tornado/web.py", line 1590, in _execute
    result = method(*self.path_args, **self.path_kwargs)
  File "api_ftp_20191115.py", line 40, in post
    Notionalpoolingtype = res['Notionalpoolingtype']
KeyError: 'Notionalpoolingtype'
2019-11-22 16:21:20,415 - tornado.access - ERROR - 500 POST /dana/workflow/add (172.27.148.74) 1.00ms
2019-11-22 16:27:33,110 - db - INFO - The database has been successfully connected
2019-11-22 16:27:33,110 - db - INFO - select token from token_info where user='datatom'
<_mysql.connection open to '172.27.148.98' at 100d2b0>
()
select token from token_info where user='datatom'
Traceback (most recent call last):
  File "api_ftp_20191115.py", line 17, in <module>
    dodoer = OperateDodox()
  File "/opt/datatom/dana_ftp_api/script/dodox_01907302051.py", line 63, in __init__
    self.token = self.refresh_token('datatom')
  File "/opt/datatom/dana_ftp_api/script/dodox_01907302051.py", line 104, in refresh_token
    print('this is user token',res_token[0][0])
IndexError: tuple index out of range
2019-11-22 16:27:33,119 - db - INFO - The database has been closed
2019-11-22 16:28:14,120 - db - INFO - The database has been successfully connected
2019-11-22 16:28:14,120 - db - INFO - select token from token_info where user='puyuan'
2019-11-22 16:28:14,149 - db - INFO - update  detuo_base.token_info set token='Bearer eyJhbGciOiJSUzI1NiIsInR5cCI6IkpXVCJ9.eyJleHAiOjE1NzUwMTYwOTQsImlhdCI6MTU3NDQxMTI5NCwiaXNzIjoiZGFuYXN0dWRpb19hdXRoX3NlcnZlciIsIm1vZHVsZXMiOlsiYWNjZXNzIiwibWluZGluZyIsIndvcmtmbG93IiwidmF1bHQiLCJtbGliIl0sInJvbGVfaWQiOiJkZXZlbG9wZXIiLCJyb2xlX25hbWUiOiLlvIDlj5HogIUiLCJ0a3ZlcnNpb24iOjAsInVzZXJfaWQiOiJBVzZOLVFUZTluMFB6d0VpMTl5SyIsInVzZXJfbmFtZSI6ImRldHVvIn0.AXSLHzFM80UDo3kNmZzD-aRqMM1NUU3y1S2_MN41gCQwQWUrXm1Z_pBTS53PCJyytiWYR4CyE7QASE8QRUtGolqwddbfKKHSL5sGTXM9D4EzN7h6ILvcIUmjK0PfmFpEbYDF8nd0HZtGABHaWOPDIjc5o_Y_cuftA6CydPJl-GJGw1tEOepvM37tdM9KwBxHliiuD6dBtfkN0V4pB9NfRHdmxzqXYRiwAv1lIpqIzQICsQ1ND_pr4hPyillo-TCEToLVzDJv2p_4tdbusKHTPf5dEPd3WIipwMPZztmLhA5dsmNRUMkjXWarmj8Lv82BjSZK9PbqKjv6A6xYuqF3FJRLtMDjK-kAS9AVxXV1C4fu8AnSdeIjT1o1IaYsM3h2W-tXLbOsDrgaCw98fW5zWDeVwVbzksLrg3gyEmi2wsuagR8bmTKmVsbRHTrBpoqRrvBU46KB6kSo5Fdams3viAbg-8zONpJ4hYkMmSyFYIhHiVi5xqTMTDxP7U1xc3cEb-n-k5IquE7WkbnvOg99cIsBqnpJypEIOXQPrCiYz4qoQGw63fYXadvzTKtRBAWinnKD7emqqDg08TARw-HcIjXn8sOSLOTRXkVELhV_ZznFkT9nJklyNyhr4LMOPUaE5Cj1QfZEePZ0UBMqz6fUGic6hsDvM_7KH8MJiYkFym8' where 1='1'
<_mysql.connection open to '172.27.148.98' at 211edd0>
((u'Bearer eyJhbGciOiJSUzI1NiIsInR5cCI6IkpXVCJ9.eyJleHAiOjE1NzUwMTU1MjAsImlhdCI6MTU3NDQxMDcyMCwiaXNzIjoiZGFuYXN0dWRpb19hdXRoX3NlcnZlciIsIm1vZHVsZXMiOlsiYWNjZXNzIiwibWluZGluZyIsIndvcmtmbG93IiwidmF1bHQiLCJtbGliIl0sInJvbGVfaWQiOiJkZXZlbG9wZXIiLCJyb2xlX25hbWUiOiLlvIDlj5HogIUiLCJ0a3ZlcnNpb24iOjAsInVzZXJfaWQiOiJBVzZOLVFUZTluMFB6d0VpMTl5SyIsInVzZXJfbmFtZSI6ImRldHVvIn0.v70WwhgkrKrRBkOwhijkBi2GBposMGmedyFXjlQie_q5DL08_Fjr3V5wrN1TLMwSCgXUj5J1Z3r5sfTBkWm07A0tkz5JckGGiPTqe-0FG2Op2VbHOYexntuxlSX31V3DG2_VNCpn2W5-XtAe2mpDbmG0NiBylUEr-Dl-slw4Dry-Umya6u66HbmtkhOsotnzd6Ad4byWLXk3ULPADyF4n5LU8AUVSwH8sm8pJmi9armAuBZFlBz8ZD0yQYJ2hUEwgnM7ZMcf0d8r31reRBJyEbkWRI5aXdKrj7oKB2MX2CvZucxvRUWf4EthojfPj5A2TQP5mp7c123o5jcqD_5F0Ae0lgoUOmaxcB_6Hn-H9UBmvHBKNCx7mCQxMvRaxWtFFn0G9xvG8UOWqcpabT9CdNkwvay9RAH8dD_H2M5yd-3JLPxhrKDL6yJhnQthOu04F_XwAOHGUtSKMbMXnGommQ2tBEhFmW99an6v2eMoOKMNnU0k-62cPb3cDqnylaGT39Nika2tdXNzq7wyeJq8W2Mi006CT3BMJyg6Pk4nVBfGEsi6t3qi31eSTrhTeLU7SxMRQpOibK_aHd0_G2k4bGgMGAV5K-3oPW1YJFZl4a1g5O0MeO_ld2zeOvrwcyTg34WSlCKLZEG4jfaYV7ou3KXHCM2tFKGeLg5q5tDQ1tQ',),)
select token from token_info where user='puyuan'
('this is user token', u'Bearer eyJhbGciOiJSUzI1NiIsInR5cCI6IkpXVCJ9.eyJleHAiOjE1NzUwMTU1MjAsImlhdCI6MTU3NDQxMDcyMCwiaXNzIjoiZGFuYXN0dWRpb19hdXRoX3NlcnZlciIsIm1vZHVsZXMiOlsiYWNjZXNzIiwibWluZGluZyIsIndvcmtmbG93IiwidmF1bHQiLCJtbGliIl0sInJvbGVfaWQiOiJkZXZlbG9wZXIiLCJyb2xlX25hbWUiOiLlvIDlj5HogIUiLCJ0a3ZlcnNpb24iOjAsInVzZXJfaWQiOiJBVzZOLVFUZTluMFB6d0VpMTl5SyIsInVzZXJfbmFtZSI6ImRldHVvIn0.v70WwhgkrKrRBkOwhijkBi2GBposMGmedyFXjlQie_q5DL08_Fjr3V5wrN1TLMwSCgXUj5J1Z3r5sfTBkWm07A0tkz5JckGGiPTqe-0FG2Op2VbHOYexntuxlSX31V3DG2_VNCpn2W5-XtAe2mpDbmG0NiBylUEr-Dl-slw4Dry-Umya6u66HbmtkhOsotnzd6Ad4byWLXk3ULPADyF4n5LU8AUVSwH8sm8pJmi9armAuBZFlBz8ZD0yQYJ2hUEwgnM7ZMcf0d8r31reRBJyEbkWRI5aXdKrj7oKB2MX2CvZucxvRUWf4EthojfPj5A2TQP5mp7c123o5jcqD_5F0Ae0lgoUOmaxcB_6Hn-H9UBmvHBKNCx7mCQxMvRaxWtFFn0G9xvG8UOWqcpabT9CdNkwvay9RAH8dD_H2M5yd-3JLPxhrKDL6yJhnQthOu04F_XwAOHGUtSKMbMXnGommQ2tBEhFmW99an6v2eMoOKMNnU0k-62cPb3cDqnylaGT39Nika2tdXNzq7wyeJq8W2Mi006CT3BMJyg6Pk4nVBfGEsi6t3qi31eSTrhTeLU7SxMRQpOibK_aHd0_G2k4bGgMGAV5K-3oPW1YJFZl4a1g5O0MeO_ld2zeOvrwcyTg34WSlCKLZEG4jfaYV7ou3KXHCM2tFKGeLg5q5tDQ1tQ')
('this is user token length', 1)
Bearer eyJhbGciOiJSUzI1NiIsInR5cCI6IkpXVCJ9.eyJleHAiOjE1NzUwMTYwOTQsImlhdCI6MTU3NDQxMTI5NCwiaXNzIjoiZGFuYXN0dWRpb19hdXRoX3NlcnZlciIsIm1vZHVsZXMiOlsiYWNjZXNzIiwibWluZGluZyIsIndvcmtmbG93IiwidmF1bHQiLCJtbGliIl0sInJvbGVfaWQiOiJkZXZlbG9wZXIiLCJyb2xlX25hbWUiOiLlvIDlj5HogIUiLCJ0a3ZlcnNpb24iOjAsInVzZXJfaWQiOiJBVzZOLVFUZTluMFB6d0VpMTl5SyIsInVzZXJfbmFtZSI6ImRldHVvIn0.AXSLHzFM80UDo3kNmZzD-aRqMM1NUU3y1S2_MN41gCQwQWUrXm1Z_pBTS53PCJyytiWYR4CyE7QASE8QRUtGolqwddbfKKHSL5sGTXM9D4EzN7h6ILvcIUmjK0PfmFpEbYDF8nd0HZtGABHaWOPDIjc5o_Y_cuftA6CydPJl-GJGw1tEOepvM37tdM9KwBxHliiuD6dBtfkN0V4pB9NfRHdmxzqXYRiwAv1lIpqIzQICsQ1ND_pr4hPyillo-TCEToLVzDJv2p_4tdbusKHTPf5dEPd3WIipwMPZztmLhA5dsmNRUMkjXWarmj8Lv82BjSZK9PbqKjv6A6xYuqF3FJRLtMDjK-kAS9AVxXV1C4fu8AnSdeIjT1o1IaYsM3h2W-tXLbOsDrgaCw98fW5zWDeVwVbzksLrg3gyEmi2wsuagR8bmTKmVsbRHTrBpoqRrvBU46KB6kSo5Fdams3viAbg-8zONpJ4hYkMmSyFYIhHiVi5xqTMTDxP7U1xc3cEb-n-k5IquE7WkbnvOg99cIsBqnpJypEIOXQPrCiYz4qoQGw63fYXadvzTKtRBAWinnKD7emqqDg08TARw-HcIjXn8sOSLOTRXkVELhV_ZznFkT9nJklyNyhr4LMOPUaE5Cj1QfZEePZ0UBMqz6fUGic6hsDvM_7KH8MJiYkFym8
Bearer eyJhbGciOiJSUzI1NiIsInR5cCI6IkpXVCJ9.eyJleHAiOjE1NzUwMTYwOTQsImlhdCI6MTU3NDQxMTI5NCwiaXNzIjoiZGFuYXN0dWRpb19hdXRoX3NlcnZlciIsIm1vZHVsZXMiOlsiYWNjZXNzIiwibWluZGluZyIsIndvcmtmbG93IiwidmF1bHQiLCJtbGliIl0sInJvbGVfaWQiOiJkZXZlbG9wZXIiLCJyb2xlX25hbWUiOiLlvIDlj5HogIUiLCJ0a3ZlcnNpb24iOjAsInVzZXJfaWQiOiJBVzZOLVFUZTluMFB6d0VpMTl5SyIsInVzZXJfbmFtZSI6ImRldHVvIn0.AXSLHzFM80UDo3kNmZzD-aRqMM1NUU3y1S2_MN41gCQwQWUrXm1Z_pBTS53PCJyytiWYR4CyE7QASE8QRUtGolqwddbfKKHSL5sGTXM9D4EzN7h6ILvcIUmjK0PfmFpEbYDF8nd0HZtGABHaWOPDIjc5o_Y_cuftA6CydPJl-GJGw1tEOepvM37tdM9KwBxHliiuD6dBtfkN0V4pB9NfRHdmxzqXYRiwAv1lIpqIzQICsQ1ND_pr4hPyillo-TCEToLVzDJv2p_4tdbusKHTPf5dEPd3WIipwMPZztmLhA5dsmNRUMkjXWarmj8Lv82BjSZK9PbqKjv6A6xYuqF3FJRLtMDjK-kAS9AVxXV1C4fu8AnSdeIjT1o1IaYsM3h2W-tXLbOsDrgaCw98fW5zWDeVwVbzksLrg3gyEmi2wsuagR82019-11-22 16:28:59,767 - tornado.application - ERROR - Uncaught exception POST /dana/workflow/add (172.27.148.74)
HTTPServerRequest(protocol='http', host='172.27.148.53:12308', method='POST', uri='/dana/workflow/add', version='HTTP/1.1', remote_ip='172.27.148.74')
Traceback (most recent call last):
  File "/usr/local/lib/python2.7/site-packages/tornado/web.py", line 1590, in _execute
    result = method(*self.path_args, **self.path_kwargs)
  File "api_ftp_20191115.py", line 40, in post
    Notionalpoolingtype = res['Notionalpoolingtype']
KeyError: 'Notionalpoolingtype'
2019-11-22 16:28:59,769 - tornado.access - ERROR - 500 POST /dana/workflow/add (172.27.148.74) 1.94ms
2019-11-22 16:30:53,416 - db - INFO - The database has been successfully connected
2019-11-22 16:30:53,417 - db - INFO - select token from token_info where user='puyuan'
2019-11-22 16:30:53,445 - db - INFO - update  detuo_base.token_info set token='Bearer eyJhbGciOiJSUzI1NiIsInR5cCI6IkpXVCJ9.eyJleHAiOjE1NzUwMTYyNTMsImlhdCI6MTU3NDQxMTQ1MywiaXNzIjoiZGFuYXN0dWRpb19hdXRoX3NlcnZlciIsIm1vZHVsZXMiOlsiYWNjZXNzIiwibWluZGluZyIsIndvcmtmbG93IiwidmF1bHQiLCJtbGliIl0sInJvbGVfaWQiOiJkZXZlbG9wZXIiLCJyb2xlX25hbWUiOiLlvIDlj5HogIUiLCJ0a3ZlcnNpb24iOjAsInVzZXJfaWQiOiJBVzZOLVFUZTluMFB6d0VpMTl5SyIsInVzZXJfbmFtZSI6ImRldHVvIn0.xaVXaMr8EGFQrD80ikksWl6HiQUdzUlZ8LSap1VSevzOF1_MpV_tKDNpjwSUriu1BE9w-b6KRGh2h43l7mz-RNxzSIKZvWi8OsQ17t9Vyqc_OL4R_TO95K1xOq0_nfkk_byeyFGyHBrq6CQshkPCzPS5MErOaaKSuK9mihkc1N3daqYYv4XAJV3iA1CSLVm9x87VFgaZjJzL87-oKjsmVfvObDHpUWVgU19kWEFoaNImVv1tG4P1fAsVyu8mnnJIUC5Rja9H-43EFFAhpPdbQCFX9ysEQAiHr4DMZ_ROlpxiEuuYI0-9w_c83YtpGspdtHEU623PEG7CwbiHKDcYzPChyrw6xgrR3PRswXjWf9Jal3gb4AfJY38FmyD14SADgjt04WJO4tfynX_lsGR_VFEznQT0Lz6BMqARUwKIjvCWddlRjEj-9BKBc6OEiIJ_UxCSQBlqUOVVzQzjrTaGdQRaRcoKJ4w_HrfOM3sWQgh-vd_XrIt74QJcNULN7yOEyEt6huYmpgQtzWWLKi_QntZnGlANnzkkY9JyjC0sHdRiRXnYMkILOHkMFBb7JnOZYjEkDOD32jkakDMdB1XAXEh3mGUoUNoqC3OoM2aZGsidnKOJ9hLfHt6GVsmre_fB9UA56aiwDdOEZq-k8TIhhUC2yBbvFyKO2OYGlocXzcA' where 1='1'
<_mysql.connection open to '172.27.148.98' at 30cba50>
((u'Bearer eyJhbGciOiJSUzI1NiIsInR5cCI6IkpXVCJ9.eyJleHAiOjE1NzUwMTYwOTQsImlhdCI6MTU3NDQxMTI5NCwiaXNzIjoiZGFuYXN0dWRpb19hdXRoX3NlcnZlciIsIm1vZHVsZXMiOlsiYWNjZXNzIiwibWluZGluZyIsIndvcmtmbG93IiwidmF1bHQiLCJtbGliIl0sInJvbGVfaWQiOiJkZXZlbG9wZXIiLCJyb2xlX25hbWUiOiLlvIDlj5HogIUiLCJ0a3ZlcnNpb24iOjAsInVzZXJfaWQiOiJBVzZOLVFUZTluMFB6d0VpMTl5SyIsInVzZXJfbmFtZSI6ImRldHVvIn0.AXSLHzFM80UDo3kNmZzD-aRqMM1NUU3y1S2_MN41gCQwQWUrXm1Z_pBTS53PCJyytiWYR4CyE7QASE8QRUtGolqwddbfKKHSL5sGTXM9D4EzN7h6ILvcIUmjK0PfmFpEbYDF8nd0HZtGABHaWOPDIjc5o_Y_cuftA6CydPJl-GJGw1tEOepvM37tdM9KwBxHliiuD6dBtfkN0V4pB9NfRHdmxzqXYRiwAv1lIpqIzQICsQ1ND_pr4hPyillo-TCEToLVzDJv2p_4tdbusKHTPf5dEPd3WIipwMPZztmLhA5dsmNRUMkjXWarmj8Lv82BjSZK9PbqKjv6A6xYuqF3FJRLtMDjK-kAS9AVxXV1C4fu8AnSdeIjT1o1IaYsM3h2W-tXLbOsDrgaCw98fW5zWDeVwVbzksLrg3gyEmi2wsuagR8bmTKmVsbRHTrBpoqRrvBU46KB6kSo5Fdams3viAbg-8zONpJ4hYkMmSyFYIhHiVi5xqTMTDxP7U1xc3cEb-n-k5IquE7WkbnvOg99cIsBqnpJypEIOXQPrCiYz4qoQGw63fYXadvzTKtRBAWinnKD7emqqDg08TARw-HcIjXn8sOSLOTRXkVELhV_ZznFkT9nJklyNyhr4LMOPUaE5Cj1QfZEePZ0UBMqz6fUGic6hsDvM_7KH8MJiYkFym8',),)
select token from token_info where user='puyuan'
('this is user token', u'Bearer eyJhbGciOiJSUzI1NiIsInR5cCI6IkpXVCJ9.eyJleHAiOjE1NzUwMTYwOTQsImlhdCI6MTU3NDQxMTI5NCwiaXNzIjoiZGFuYXN0dWRpb19hdXRoX3NlcnZlciIsIm1vZHVsZXMiOlsiYWNjZXNzIiwibWluZGluZyIsIndvcmtmbG93IiwidmF1bHQiLCJtbGliIl0sInJvbGVfaWQiOiJkZXZlbG9wZXIiLCJyb2xlX25hbWUiOiLlvIDlj5HogIUiLCJ0a3ZlcnNpb24iOjAsInVzZXJfaWQiOiJBVzZOLVFUZTluMFB6d0VpMTl5SyIsInVzZXJfbmFtZSI6ImRldHVvIn0.AXSLHzFM80UDo3kNmZzD-aRqMM1NUU3y1S2_MN41gCQwQWUrXm1Z_pBTS53PCJyytiWYR4CyE7QASE8QRUtGolqwddbfKKHSL5sGTXM9D4EzN7h6ILvcIUmjK0PfmFpEbYDF8nd0HZtGABHaWOPDIjc5o_Y_cuftA6CydPJl-GJGw1tEOepvM37tdM9KwBxHliiuD6dBtfkN0V4pB9NfRHdmxzqXYRiwAv1lIpqIzQICsQ1ND_pr4hPyillo-TCEToLVzDJv2p_4tdbusKHTPf5dEPd3WIipwMPZztmLhA5dsmNRUMkjXWarmj8Lv82BjSZK9PbqKjv6A6xYuqF3FJRLtMDjK-kAS9AVxXV1C4fu8AnSdeIjT1o1IaYsM3h2W-tXLbOsDrgaCw98fW5zWDeVwVbzksLrg3gyEmi2wsuagR8bmTKmVsbRHTrBpoqRrvBU46KB6kSo5Fdams3viAbg-8zONpJ4hYkMmSyFYIhHiVi5xqTMTDxP7U1xc3cEb-n-k5IquE7WkbnvOg99cIsBqnpJypEIOXQPrCiYz4qoQGw63fYXadvzTKtRBAWinnKD7emqqDg08TARw-HcIjXn8sOSLOTRXkVELhV_ZznFkT9nJklyNyhr4LMOPUaE5Cj1QfZEePZ0UBMqz6fUGic6hsDvM_7KH8MJiYkFym8')
('this is user token length', 1)
Bearer eyJhbGciOiJSUzI1NiIsInR5cCI6IkpXVCJ9.eyJleHAiOjE1NzUwMTYyNTMsImlhdCI6MTU3NDQxMTQ1MywiaXNzIjoiZGFuYXN0dWRpb19hdXRoX3NlcnZlciIsIm1vZHVsZXMiOlsiYWNjZXNzIiwibWluZGluZyIsIndvcmtmbG93IiwidmF1bHQiLCJtbGliIl0sInJvbGVfaWQiOiJkZXZlbG9wZXIiLCJyb2xlX25hbWUiOiLlvIDlj5HogIUiLCJ0a3ZlcnNpb24iOjAsInVzZXJfaWQiOiJBVzZOLVFUZTluMFB6d0VpMTl5SyIsInVzZXJfbmFtZSI6ImRldHVvIn0.xaVXaMr8EGFQrD80ikksWl6HiQUdzUlZ8LSap1VSevzOF1_MpV_tKDNpjwSUriu1BE9w-b6KRGh2h43l7mz-RNxzSIKZvWi8OsQ17t9Vyqc_OL4R_TO95K1xOq0_nfkk_byeyFGyHBrq6CQshkPCzPS5MErOaaKSuK9mihkc1N3daqYYv4XAJV3iA1CSLVm9x87VFgaZjJzL87-oKjsmVfvObDHpUWVgU19kWEFoaNImVv1tG4P1fAsVyu8mnnJIUC5Rja9H-43EFFAhpPdbQCFX9ysEQAiHr4DMZ_ROlpxiEuuYI0-9w_c83YtpGspdtHEU623PEG7CwbiHKDcYzPChyrw6xgrR3PRswXjWf9Jal3gb4AfJY38FmyD14SADgjt04WJO4tfynX_lsGR_VFEznQT0Lz6BMqARUwKIjvCWddlRjEj-9BKBc6OEiIJ_UxCSQBlqUOVVzQzjrTaGdQRaRcoKJ4w_HrfOM3sWQgh-vd_XrIt74QJcNULN7yOEyEt6huYmpgQtzWWLKi_QntZnGlANnzkkY9JyjC0sHdRiRXnYMkILOHkMFBb7JnOZYjEkDOD32jkakDMdB1XAXEh3mGUoUNoqC3OoM2aZGsidnKOJ9hLfHt6GVsmre_fB9UA56aiwDdOEZq-k8TIhhUC2yBbvFyKO2OYGlocXzcA
Bearer eyJhbGciOiJSUzI1NiIsInR5cCI6IkpXVCJ9.eyJleHAiOjE1NzUwMTYyNTMsImlhdCI6MTU3NDQxMTQ1MywiaXNzIjoiZGFuYXN0dWRpb19hdXRoX3NlcnZlciIsIm1vZHVsZXMiOlsiYWNjZXNzIiwibWluZGluZyIsIndvcmtmbG93IiwidmF1bHQiLCJtbGliIl0sInJvbGVfaWQiOiJkZXZlbG9wZXIiLCJyb2xlX25hbWUiOiLlvIDlj5HogIUiLCJ0a3ZlcnNpb24iOjAsInVzZXJfaWQiOiJBVzZOLVFUZTluMFB6d0VpMTl5SyIsInVzZXJfbmFtZSI6ImRldHVvIn0.xaVXaMr8EGFQrD80ikksWl6HiQUdzUlZ8LSap1VSevzOF1_MpV_tKDNpjwSUriu1BE9w-b6KRGh2h43l7mz-RNxzSIKZvWi8OsQ17t9Vyqc_OL4R_TO95K1xOq0_nfkk_byeyFGyHBrq6CQshkPCzPS5MErOaaKSuK9mihkc1N3daqYYv4XAJV3iA1CSLVm9x87VFgaZjJzL87-oKjsmVfvObDHpUWVgU19kWEFoaNImVv1tG4P1fAsVyu8mnnJIUC5Rja9H-43EFFAhpPdbQCFX9ysEQAiHr4DMZ_ROlpxiEuuYI0-9w_c83YtpGspdtHEU623PEG7CwbiHKDcYzPChyrw6xgrR3PRswXjWf9Jal3gb4AfJY38FmyD14SADgjt04WJO4tfynX_lsGR_VFEznQT0Lz6BMqARUwKIjvCWddl2019-11-25 15:48:31,515 - db - INFO - The database has been successfully connected
2019-11-25 15:48:31,515 - db - INFO - select token from token_info where user='puyuan'
2019-11-25 15:48:31,544 - db - INFO - update  detuo_base.token_info set token='Bearer eyJhbGciOiJSUzI1NiIsInR5cCI6IkpXVCJ9.eyJleHAiOjE1NzUyNzI5MTEsImlhdCI6MTU3NDY2ODExMSwiaXNzIjoiZGFuYXN0dWRpb19hdXRoX3NlcnZlciIsIm1vZHVsZXMiOlsiYWNjZXNzIiwibWluZGluZyIsIndvcmtmbG93IiwidmF1bHQiLCJtbGliIl0sInJvbGVfaWQiOiJkZXZlbG9wZXIiLCJyb2xlX25hbWUiOiLlvIDlj5HogIUiLCJ0a3ZlcnNpb24iOjEsInVzZXJfaWQiOiJBVzVBdFlOXzBPZkp5dGMxWmtmZSIsInVzZXJfbmFtZSI6InB1eXVhbiJ9.TbCGFzjcSTmhRIUlx5vpThqDTSbkwWRe-DYSznwPjy6t7Anz9XZL6is-sJq-lM9WKyVshBXc9rvbrW3QXcrH5RNaRkGmmi_ztrAxYhR_AaPAuBn6VBPiot03PqHinpqQE0j4FIbiI33Cs6xKwAy_VvL8BtIBKxEy4ySqNA-vjeJxtpxllNBdJzNGQfy5YvcvKmTlNCHXU8S6y4Ab3TghlltTjTwOV3cFDw8vZOLAL2gL8YlxWDrRTkXsSCiYNNoDkzsbfF6qIhJ4qO12sDKaTXp2BXUg5Mf7mLQSzZSoHuEy4sdv9G9Ah3mHNVhmR2r80COvlhlmGsGocIHgu-JvWP-emNNljSvtEMvx4a0T4GnICf3NjHgJV3KCAHX1buLweGNDC1dAqL4KONaeCI7WEMN8aXeJvV-swMpJ6Ak67s3kxZAPwd6Qmrwtdlni-8u3vVrQkKibRb1ukUdimQLhfvt29sAU5iwMfzG0sWDdUYLjZVqpAJitxNXdcoz_xChOHQQx4hbMNRfo8kzSY1t8-qKFnguDmZ1PUmXpzKtUKIhZOIW35rAglnAg9W0Lhf-KsI81J73Q9Q8_UxhKdlt3idN9e1dY1R7IWQx-GIyplDCiHM0uF0jw3pkN6W9SZ8G7-Kel35QpKvEPnrC3oC7r0tNiMh2O0Yf5MaDL8Mtd6Yo' where 1='1'
<_mysql.connection open to '172.27.148.98' at 2df5a50>
((u'Bearer eyJhbGciOiJSUzI1NiIsInR5cCI6IkpXVCJ9.eyJleHAiOjE1NzUyNzI4NzIsImlhdCI6MTU3NDY2ODA3MiwiaXNzIjoiZGFuYXN0dWRpb19hdXRoX3NlcnZlciIsIm1vZHVsZXMiOlsiYWNjZXNzIiwibWluZGluZyIsIndvcmtmbG93IiwidmF1bHQiLCJtbGliIl0sInJvbGVfaWQiOiJkZXZlbG9wZXIiLCJyb2xlX25hbWUiOiLlvIDlj5HogIUiLCJ0a3ZlcnNpb24iOjEsInVzZXJfaWQiOiJBVzVBdFlOXzBPZkp5dGMxWmtmZSIsInVzZXJfbmFtZSI6InB1eXVhbiJ9.th9iwttJAQIjtA2Q20ja2SBKX-8HCJm8mLhsWA2OdPji8fDfdYZ-nvxQO5mxmSQvlEQwZdSkzdKlxGHSPYPFMh5AJigpPGixqUNkQQom3vjlAoqIdsUsSA3HSLQvTa3hPFSnnMOX3vc0ek2U34OZdHeqmjY2QYK5vFFf9VfsTk1Lb4umMArL-3__MFsRUGB52_ODgnkHZP6W_dHWvpeCUGMJNsK8oNH4GiZJo_w-6LkQrzT6v_8BBHe0PRCrHI96OTR7hXTf4cAF5xDgpJEIXoFLGzfGoRggtsgixMpvTBicv8tsDEsA2Phs3bZdRnp-iGRUvl3VkXeNAdkzZISzDDQd5-n4AijXqLC8IIIFFMPcFM7cxMt2hg48ULme0rAU1NLmGN8g4M8dQ_7J3zfXxrQzwqL80wylm9zH7tCpI1-MoihvxUFDi3ovKKONfWfssCUonu1A6jTn4nf8P7CU67XF1euHhHqRGgOwPPQGQ0rLxMCRdrWUmvNOwub2h45s2qC1Ci_JbFYsONK3riqUUyVhKu6097-xfqhd0iaQXLx0Rb3HvWn3VXjHfsdhLDCVk5afWdjtPbFRhDBdwyZClUzn5o0MX8ZBfzduh4-AyJOEyisY5AR4QfJ0_4gSk9iXAYyxH8CWQAp8X7fc2QMZvy04DIBEUvXIM0rf3wMeIIc',),)
select token from token_info where user='puyuan'
('this is user token', u'Bearer eyJhbGciOiJSUzI1NiIsInR5cCI6IkpXVCJ9.eyJleHAiOjE1NzUyNzI4NzIsImlhdCI6MTU3NDY2ODA3MiwiaXNzIjoiZGFuYXN0dWRpb19hdXRoX3NlcnZlciIsIm1vZHVsZXMiOlsiYWNjZXNzIiwibWluZGluZyIsIndvcmtmbG93IiwidmF1bHQiLCJtbGliIl0sInJvbGVfaWQiOiJkZXZlbG9wZXIiLCJyb2xlX25hbWUiOiLlvIDlj5HogIUiLCJ0a3ZlcnNpb24iOjEsInVzZXJfaWQiOiJBVzVBdFlOXzBPZkp5dGMxWmtmZSIsInVzZXJfbmFtZSI6InB1eXVhbiJ9.th9iwttJAQIjtA2Q20ja2SBKX-8HCJm8mLhsWA2OdPji8fDfdYZ-nvxQO5mxmSQvlEQwZdSkzdKlxGHSPYPFMh5AJigpPGixqUNkQQom3vjlAoqIdsUsSA3HSLQvTa3hPFSnnMOX3vc0ek2U34OZdHeqmjY2QYK5vFFf9VfsTk1Lb4umMArL-3__MFsRUGB52_ODgnkHZP6W_dHWvpeCUGMJNsK8oNH4GiZJo_w-6LkQrzT6v_8BBHe0PRCrHI96OTR7hXTf4cAF5xDgpJEIXoFLGzfGoRggtsgixMpvTBicv8tsDEsA2Phs3bZdRnp-iGRUvl3VkXeNAdkzZISzDDQd5-n4AijXqLC8IIIFFMPcFM7cxMt2hg48ULme0rAU1NLmGN8g4M8dQ_7J3zfXxrQzwqL80wylm9zH7tCpI1-MoihvxUFDi3ovKKONfWfssCUonu1A6jTn4nf8P7CU67XF1euHhHqRGgOwPPQGQ0rLxMCRdrWUmvNOwub2h45s2qC1Ci_JbFYsONK3riqUUyVhKu6097-xfqhd0iaQXLx0Rb3HvWn3VXjHfsdhLDCVk5afWdjtPbFRhDBdwyZClUzn5o0MX8ZBfzduh4-AyJOEyisY5AR4QfJ0_4gSk9iXAYyxH8CWQAp8X7fc2QMZvy04DIBEUvXIM0rf3wMeIIc')
('this is user token length', 1)
Bearer eyJhbGciOiJSUzI1NiIsInR5cCI6IkpXVCJ9.eyJleHAiOjE1NzUyNzI5MTEsImlhdCI6MTU3NDY2ODExMSwiaXNzIjoiZGFuYXN0dWRpb19hdXRoX3NlcnZlciIsIm1vZHVsZXMiOlsiYWNjZXNzIiwibWluZGluZyIsIndvcmtmbG93IiwidmF1bHQiLCJtbGliIl0sInJvbGVfaWQiOiJkZXZlbG9wZXIiLCJyb2xlX25hbWUiOiLlvIDlj5HogIUiLCJ0a3ZlcnNpb24iOjEsInVzZXJfaWQiOiJBVzVBdFlOXzBPZkp5dGMxWmtmZSIsInVzZXJfbmFtZSI6InB1eXVhbiJ9.TbCGFzjcSTmhRIUlx5vpThqDTSbkwWRe-DYSznwPjy6t7Anz9XZL6is-sJq-lM9WKyVshBXc9rvbrW3QXcrH5RNaRkGmmi_ztrAxYhR_AaPAuBn6VBPiot03PqHinpqQE0j4FIbiI33Cs6xKwAy_VvL8BtIBKxEy4ySqNA-vjeJxtpxllNBdJzNGQfy5YvcvKmTlNCHXU8S6y4Ab3TghlltTjTwOV3cFDw8vZOLAL2gL8YlxWDrRTkXsSCiYNNoDkzsbfF6qIhJ4qO12sDKaTXp2BXUg5Mf7mLQSzZSoHuEy4sdv9G9Ah3mHNVhmR2r80COvlhlmGsGocIHgu-JvWP-emNNljSvtEMvx4a0T4GnICf3NjHgJV3KCAHX1buLweGNDC1dAqL4KONaeCI7WEMN8aXeJvV-swMpJ6Ak67s3kxZAPwd6Qmrwtdlni-8u3vVrQkKibRb1ukUdimQLhfvt29sAU5iwMfzG0sWDdUYLjZVqpAJitxNXdcoz_xChOHQQx4hbMNRfo8kzSY1t8-qKFnguDmZ1PUmXpzKtUKIhZOIW35rAglnAg9W0Lhf-KsI81J73Q9Q8_UxhKdlt3idN9e1dY1R7IWQx-GIyplDCiHM0uF0jw3pkN6W9SZ8G7-Kel35QpKvEPnrC3oC7r0tNiMh2O0Yf5MaDL8Mtd6Yo
Bearer eyJhbGciOiJSUzI1NiIsInR5cCI6IkpXVCJ9.eyJleHAiOjE1NzUyNzI5MTEsImlhdCI6MTU3NDY2ODExMSwiaXNzIjoiZGFuYXN0dWRpb19hdXRoX3NlcnZlciIsIm1vZHVsZXMiOlsiYWNjZXNzIiwibWluZGluZyIsIndvcmtmbG93IiwidmF1bHQiLCJtbGliIl0sInJvbGVfaWQiOiJkZXZlbG9wZXIiLCJyb2xlX25hbWUiOiLlvIDlj5HogIUiLCJ0a3ZlcnNpb24iOjEsInVzZXJfaWQiOiJBVzVBdFlOXzBPZkp5dGMxWmtmZSIsInVzZXJfbmFtZSI6InB1eXVhbiJ9.TbCGFzjcSTmhRIUlx5vpThqDTSbkwWRe-DYSznwPjy6t7Anz9XZL6is-sJq-lM9WKyVshBXc9rvbrW3QXcrH5RNaRkGmmi_ztrAxYhR_AaPAuBn6VBPiot03PqHinpqQE0j4FIbiI33Cs6xKwAy_VvL8BtIBKxEy4ySqNA-vjeJxtpxllNBdJzNGQfy5YvcvKmTlNCHXU8S6y4Ab3TghlltTjTwOV3cFDw8vZOLAL2gL8YlxWDrRTkXsSCiYNNoDkzsbfF6qIhJ4qO12sDKaTXp2BXUg5Mf7mLQSzZSoHuEy4sdv9G9Ah3mHNVhmR2r80COvlhlmGsGocIHgu-JvWP-emNNljSvtEMvx4a0T4GnICf3NjHgJV3KCAHX1buLweGNDC1dAqL4KONaeCI7WEMN8aXeJvV-swMpJ6Ak67s3